[main] 2021-08-18 12:32:07 INFO  com.app.EmployeeLogin  - 1.Login
[main] 2021-08-18 12:32:07 INFO  com.app.EmployeeLogin  - 2.Exit
[main] 2021-08-18 12:32:16 INFO  com.app.EmployeeLogin  - Exiting!!
[main] 2021-08-18 12:32:20 INFO  com.app.EmployeeLogin  - 1.Login
[main] 2021-08-18 12:32:20 INFO  com.app.EmployeeLogin  - 2.Exit
[main] 2021-08-18 12:32:23 INFO  com.app.EmployeeLogin  - Enter Correct Choice
[main] 2021-08-18 12:32:23 INFO  com.app.EmployeeLogin  - 1.Login
[main] 2021-08-18 12:32:23 INFO  com.app.EmployeeLogin  - 2.Exit
[main] 2021-08-18 12:32:28 INFO  com.app.EmployeeLogin  - Enter Correct Choice
[main] 2021-08-18 12:32:28 INFO  com.app.EmployeeLogin  - 1.Login
[main] 2021-08-18 12:32:28 INFO  com.app.EmployeeLogin  - 2.Exit
[main] 2021-08-18 12:32:33 INFO  com.app.EmployeeLogin  - 1.Login
[main] 2021-08-18 12:32:33 INFO  com.app.EmployeeLogin  - 2.Exit
[main] 2021-08-18 12:35:17 INFO  com.app.EmployeeLogin  - 1.Login
[main] 2021-08-18 12:35:17 INFO  com.app.EmployeeLogin  - 2.Exit
[main] 2021-08-18 12:35:19 INFO  com.app.EmployeeLogin  - Exiting!!
[main] 2021-08-18 12:35:22 INFO  com.app.EmployeeLogin  - 1.Login
[main] 2021-08-18 12:35:22 INFO  com.app.EmployeeLogin  - 2.Exit
[main] 2021-08-18 12:35:24 INFO  com.app.EmployeeLogin  - Incorrect Choice : Enter Correct Choice
[main] 2021-08-18 12:35:24 INFO  com.app.EmployeeLogin  - 1.Login
[main] 2021-08-18 12:35:24 INFO  com.app.EmployeeLogin  - 2.Exit
[main] 2021-08-18 12:35:26 INFO  com.app.EmployeeLogin  - Incorrect Choice : Enter Correct Choice
[main] 2021-08-18 12:35:26 INFO  com.app.EmployeeLogin  - 1.Login
[main] 2021-08-18 12:35:26 INFO  com.app.EmployeeLogin  - 2.Exit
[main] 2021-08-18 12:35:31 INFO  com.app.EmployeeLogin  - 1.Login
[main] 2021-08-18 12:35:31 INFO  com.app.EmployeeLogin  - 2.Exit
[main] 2021-08-18 12:35:35 INFO  com.app.EmployeeLogin  - Employee Login Successful
[main] 2021-08-18 12:35:35 INFO  com.app.EmployeeLogin  - 1. View Customers Details
[main] 2021-08-18 12:35:35 INFO  com.app.EmployeeLogin  - 2. Add a new Product
[main] 2021-08-18 12:35:35 INFO  com.app.EmployeeLogin  - 3. Mark Order as Shipped
[main] 2021-08-18 12:35:35 INFO  com.app.EmployeeLogin  - 4. Modify Quantity of Existing Products
[main] 2021-08-18 12:35:35 INFO  com.app.EmployeeLogin  - 5. Logout
[main] 2021-08-18 12:35:35 INFO  com.app.EmployeeLogin  - 1.Login
[main] 2021-08-18 12:35:35 INFO  com.app.EmployeeLogin  - 2.Exit
[main] 2021-08-18 15:22:33 INFO  com.app.EmployeeLogin  - 1.Login
[main] 2021-08-18 15:22:33 INFO  com.app.EmployeeLogin  - 2.Exit
[main] 2021-08-18 15:22:42 INFO  com.app.EmployeeLogin  - 
Employee Login Successful
[main] 2021-08-18 15:22:42 INFO  com.app.EmployeeLogin  - 1. View Customers Details
[main] 2021-08-18 15:22:42 INFO  com.app.EmployeeLogin  - 2. Add a new Product
[main] 2021-08-18 15:22:42 INFO  com.app.EmployeeLogin  - 3. Mark Order as Shipped
[main] 2021-08-18 15:22:42 INFO  com.app.EmployeeLogin  - 4. Modify Quantity of Existing Products
[main] 2021-08-18 15:22:42 INFO  com.app.EmployeeLogin  - 5. Logout
[main] 2021-08-18 15:22:45 INFO  com.app.EmployeeLogin  - Add New Products
[main] 2021-08-18 15:22:45 INFO  com.app.search.service.impl.EmployeeSearchServiceImpl  - Enter Product Unique Id
[main] 2021-08-18 15:23:07 INFO  com.app.search.service.impl.EmployeeSearchServiceImpl  - Enter Name
[main] 2021-08-18 15:23:10 INFO  com.app.search.service.impl.EmployeeSearchServiceImpl  - Product Type
[main] 2021-08-18 15:23:13 INFO  com.app.search.service.impl.EmployeeSearchServiceImpl  - Product Price
[main] 2021-08-18 15:23:17 INFO  com.app.search.service.impl.EmployeeSearchServiceImpl  - Product Quantity
[main] 2021-08-18 15:23:19 INFO  com.app.search.service.impl.EmployeeSearchServiceImpl  - Product Company
[main] 2021-08-18 15:23:27 ERROR com.app.dao.impl.EmployeeDAOimpl  - java.sql.SQLException: Parameter index out of range (6 > number of parameters, which is 5).
[main] 2021-08-18 15:23:27 WARN  com.app.EmployeeLogin  - Internal error occured contact sysadmin
[main] 2021-08-18 15:23:27 INFO  com.app.EmployeeLogin  - 
Employee Login Successful
[main] 2021-08-18 15:23:27 INFO  com.app.EmployeeLogin  - 1. View Customers Details
[main] 2021-08-18 15:23:27 INFO  com.app.EmployeeLogin  - 2. Add a new Product
[main] 2021-08-18 15:23:27 INFO  com.app.EmployeeLogin  - 3. Mark Order as Shipped
[main] 2021-08-18 15:23:27 INFO  com.app.EmployeeLogin  - 4. Modify Quantity of Existing Products
[main] 2021-08-18 15:23:27 INFO  com.app.EmployeeLogin  - 5. Logout
[main] 2021-08-18 15:25:13 INFO  com.app.EmployeeLogin  - 1.Login
[main] 2021-08-18 15:25:13 INFO  com.app.EmployeeLogin  - 2.Exit
[main] 2021-08-18 15:25:17 INFO  com.app.EmployeeLogin  - 
Employee Login Successful
[main] 2021-08-18 15:25:17 INFO  com.app.EmployeeLogin  - 1. View Customers Details
[main] 2021-08-18 15:25:17 INFO  com.app.EmployeeLogin  - 2. Add a new Product
[main] 2021-08-18 15:25:17 INFO  com.app.EmployeeLogin  - 3. Mark Order as Shipped
[main] 2021-08-18 15:25:17 INFO  com.app.EmployeeLogin  - 4. Modify Quantity of Existing Products
[main] 2021-08-18 15:25:17 INFO  com.app.EmployeeLogin  - 5. Logout
[main] 2021-08-18 15:25:19 INFO  com.app.EmployeeLogin  - Add New Products
[main] 2021-08-18 15:25:19 INFO  com.app.search.service.impl.EmployeeSearchServiceImpl  - Enter Product Name
[main] 2021-08-18 15:25:21 INFO  com.app.search.service.impl.EmployeeSearchServiceImpl  - Product Type
[main] 2021-08-18 15:25:26 INFO  com.app.search.service.impl.EmployeeSearchServiceImpl  - Product Price
[main] 2021-08-18 15:25:34 INFO  com.app.search.service.impl.EmployeeSearchServiceImpl  - Product Quantity
[main] 2021-08-18 15:25:37 INFO  com.app.search.service.impl.EmployeeSearchServiceImpl  - Product Company
[main] 2021-08-18 15:25:42 INFO  com.app.EmployeeLogin  - New Product Added Successfully
[main] 2021-08-18 15:25:42 INFO  com.app.EmployeeLogin  - 
Employee Login Successful
[main] 2021-08-18 15:25:42 INFO  com.app.EmployeeLogin  - 1. View Customers Details
[main] 2021-08-18 15:25:42 INFO  com.app.EmployeeLogin  - 2. Add a new Product
[main] 2021-08-18 15:25:42 INFO  com.app.EmployeeLogin  - 3. Mark Order as Shipped
[main] 2021-08-18 15:25:42 INFO  com.app.EmployeeLogin  - 4. Modify Quantity of Existing Products
[main] 2021-08-18 15:25:42 INFO  com.app.EmployeeLogin  - 5. Logout
[main] 2021-08-18 15:28:12 INFO  com.app.EmployeeLogin  - Logging out
[main] 2021-08-18 16:17:59 INFO  com.app.EmployeeLogin  - 1.Login
[main] 2021-08-18 16:17:59 INFO  com.app.EmployeeLogin  - 2.Exit
[main] 2021-08-18 16:18:10 INFO  com.app.EmployeeLogin  - 
Employee Login Successful
[main] 2021-08-18 16:18:10 INFO  com.app.EmployeeLogin  - 1. View Customers Details
[main] 2021-08-18 16:18:10 INFO  com.app.EmployeeLogin  - 2. Add a new Product
[main] 2021-08-18 16:18:10 INFO  com.app.EmployeeLogin  - 3. Mark Order as Shipped
[main] 2021-08-18 16:18:10 INFO  com.app.EmployeeLogin  - 4. Modify Quantity of Existing Products
[main] 2021-08-18 16:18:10 INFO  com.app.EmployeeLogin  - 5. Logout
[main] 2021-08-18 16:18:14 INFO  com.app.EmployeeLogin  - Modify Quantity of Existing Products
[main] 2021-08-18 16:18:14 INFO  com.app.EmployeeLogin  - Enter Product Id to modify quantity for that product:
[main] 2021-08-18 16:18:16 INFO  com.app.search.service.impl.EmployeeSearchServiceImpl  - Enter New Quantity : 
[main] 2021-08-18 16:18:24 ERROR com.app.dao.impl.EmployeeDAOimpl  - java.sql.SQLSyntaxErrorException: You have an error in your SQL syntax; check the manual that corresponds to your MySQL server version for the right syntax to use near ')' at line 1
[main] 2021-08-18 16:18:24 WARN  com.app.EmployeeLogin  - Internal Server Error: Could not update product quantity
[main] 2021-08-18 16:18:24 INFO  com.app.EmployeeLogin  - 
Employee Login Successful
[main] 2021-08-18 16:18:24 INFO  com.app.EmployeeLogin  - 1. View Customers Details
[main] 2021-08-18 16:18:24 INFO  com.app.EmployeeLogin  - 2. Add a new Product
[main] 2021-08-18 16:18:24 INFO  com.app.EmployeeLogin  - 3. Mark Order as Shipped
[main] 2021-08-18 16:18:24 INFO  com.app.EmployeeLogin  - 4. Modify Quantity of Existing Products
[main] 2021-08-18 16:18:24 INFO  com.app.EmployeeLogin  - 5. Logout
[main] 2021-08-18 16:18:51 INFO  com.app.EmployeeLogin  - 1.Login
[main] 2021-08-18 16:18:51 INFO  com.app.EmployeeLogin  - 2.Exit
[main] 2021-08-18 16:18:55 INFO  com.app.EmployeeLogin  - 
Employee Login Successful
[main] 2021-08-18 16:18:55 INFO  com.app.EmployeeLogin  - 1. View Customers Details
[main] 2021-08-18 16:18:55 INFO  com.app.EmployeeLogin  - 2. Add a new Product
[main] 2021-08-18 16:18:55 INFO  com.app.EmployeeLogin  - 3. Mark Order as Shipped
[main] 2021-08-18 16:18:55 INFO  com.app.EmployeeLogin  - 4. Modify Quantity of Existing Products
[main] 2021-08-18 16:18:55 INFO  com.app.EmployeeLogin  - 5. Logout
[main] 2021-08-18 16:18:57 INFO  com.app.EmployeeLogin  - Modify Quantity of Existing Products
[main] 2021-08-18 16:18:57 INFO  com.app.EmployeeLogin  - Enter Product Id to modify quantity for that product:
[main] 2021-08-18 16:18:58 INFO  com.app.search.service.impl.EmployeeSearchServiceImpl  - Enter New Quantity : 
[main] 2021-08-18 16:19:03 INFO  com.app.EmployeeLogin  - Product Quantity Updated Successfully
[main] 2021-08-18 16:19:03 INFO  com.app.EmployeeLogin  - 
Employee Login Successful
[main] 2021-08-18 16:19:03 INFO  com.app.EmployeeLogin  - 1. View Customers Details
[main] 2021-08-18 16:19:03 INFO  com.app.EmployeeLogin  - 2. Add a new Product
[main] 2021-08-18 16:19:03 INFO  com.app.EmployeeLogin  - 3. Mark Order as Shipped
[main] 2021-08-18 16:19:03 INFO  com.app.EmployeeLogin  - 4. Modify Quantity of Existing Products
[main] 2021-08-18 16:19:03 INFO  com.app.EmployeeLogin  - 5. Logout
[main] 2021-08-18 16:25:43 INFO  com.app.EmployeeLogin  - 1.Login
[main] 2021-08-18 16:25:43 INFO  com.app.EmployeeLogin  - 2.Exit
[main] 2021-08-18 16:25:48 INFO  com.app.EmployeeLogin  - 
Employee Login Successful
[main] 2021-08-18 16:25:48 INFO  com.app.EmployeeLogin  - 1. View Customers Details
[main] 2021-08-18 16:25:48 INFO  com.app.EmployeeLogin  - 2. Add a new Product
[main] 2021-08-18 16:25:48 INFO  com.app.EmployeeLogin  - 3. Mark Order as Shipped
[main] 2021-08-18 16:25:48 INFO  com.app.EmployeeLogin  - 4. Modify Quantity of Existing Products
[main] 2021-08-18 16:25:48 INFO  com.app.EmployeeLogin  - 5. Delete Existing Product
[main] 2021-08-18 16:25:48 INFO  com.app.EmployeeLogin  - 6. Logout
[main] 2021-08-18 16:25:50 INFO  com.app.EmployeeLogin  - Add New Products
[main] 2021-08-18 16:25:50 INFO  com.app.search.service.impl.EmployeeSearchServiceImpl  - Enter Product Name
[main] 2021-08-18 16:25:58 INFO  com.app.search.service.impl.EmployeeSearchServiceImpl  - Product Type
[main] 2021-08-18 16:26:03 INFO  com.app.search.service.impl.EmployeeSearchServiceImpl  - Product Price
[main] 2021-08-18 16:26:06 INFO  com.app.search.service.impl.EmployeeSearchServiceImpl  - Product Quantity
[main] 2021-08-18 16:26:09 INFO  com.app.search.service.impl.EmployeeSearchServiceImpl  - Product Company
[main] 2021-08-18 16:26:14 INFO  com.app.EmployeeLogin  - New Product Added Successfully
[main] 2021-08-18 16:26:14 INFO  com.app.EmployeeLogin  - 
Employee Login Successful
[main] 2021-08-18 16:26:14 INFO  com.app.EmployeeLogin  - 1. View Customers Details
[main] 2021-08-18 16:26:14 INFO  com.app.EmployeeLogin  - 2. Add a new Product
[main] 2021-08-18 16:26:14 INFO  com.app.EmployeeLogin  - 3. Mark Order as Shipped
[main] 2021-08-18 16:26:14 INFO  com.app.EmployeeLogin  - 4. Modify Quantity of Existing Products
[main] 2021-08-18 16:26:14 INFO  com.app.EmployeeLogin  - 5. Delete Existing Product
[main] 2021-08-18 16:26:14 INFO  com.app.EmployeeLogin  - 6. Logout
[main] 2021-08-18 16:26:19 INFO  com.app.EmployeeLogin  - Modify Quantity of Existing Products
[main] 2021-08-18 16:26:19 INFO  com.app.EmployeeLogin  - Enter Product Id to modify quantity for that product:
[main] 2021-08-18 16:26:22 INFO  com.app.search.service.impl.EmployeeSearchServiceImpl  - Enter New Quantity : 
[main] 2021-08-18 16:26:28 INFO  com.app.EmployeeLogin  - Product Quantity Updated Successfully
[main] 2021-08-18 16:26:28 INFO  com.app.EmployeeLogin  - 
Employee Login Successful
[main] 2021-08-18 16:26:28 INFO  com.app.EmployeeLogin  - 1. View Customers Details
[main] 2021-08-18 16:26:28 INFO  com.app.EmployeeLogin  - 2. Add a new Product
[main] 2021-08-18 16:26:28 INFO  com.app.EmployeeLogin  - 3. Mark Order as Shipped
[main] 2021-08-18 16:26:28 INFO  com.app.EmployeeLogin  - 4. Modify Quantity of Existing Products
[main] 2021-08-18 16:26:28 INFO  com.app.EmployeeLogin  - 5. Delete Existing Product
[main] 2021-08-18 16:26:28 INFO  com.app.EmployeeLogin  - 6. Logout
[main] 2021-08-18 16:26:40 INFO  com.app.EmployeeLogin  - Remove Existing Product
[main] 2021-08-18 16:26:40 INFO  com.app.EmployeeLogin  - Enter Product Id to Remove:
[main] 2021-08-18 16:26:42 INFO  com.app.EmployeeLogin  - Product Deleted Successfully
[main] 2021-08-18 16:26:42 INFO  com.app.EmployeeLogin  - 1.Login
[main] 2021-08-18 16:26:42 INFO  com.app.EmployeeLogin  - 2.Exit
[main] 2021-08-18 16:26:47 INFO  com.app.EmployeeLogin  - Exiting!!
[main] 2021-08-19 01:54:03 INFO  com.app.EmployeeLogin  - 1.Login
[main] 2021-08-19 01:54:03 INFO  com.app.EmployeeLogin  - 2.Exit
[main] 2021-08-19 01:54:12 INFO  com.app.EmployeeLogin  - 
Employee Login Successful
[main] 2021-08-19 01:54:12 INFO  com.app.EmployeeLogin  - 1. View Customers Details
[main] 2021-08-19 01:54:12 INFO  com.app.EmployeeLogin  - 2. Add a new Product
[main] 2021-08-19 01:54:12 INFO  com.app.EmployeeLogin  - 3. Mark Order as Shipped
[main] 2021-08-19 01:54:12 INFO  com.app.EmployeeLogin  - 4. Modify Quantity of Existing Products
[main] 2021-08-19 01:54:12 INFO  com.app.EmployeeLogin  - 5. Delete Existing Product
[main] 2021-08-19 01:54:12 INFO  com.app.EmployeeLogin  - 6. Logout
[main] 2021-08-19 01:54:15 INFO  com.app.EmployeeLogin  - Showing Customer Details
[main] 2021-08-19 01:54:19 INFO  com.app.EmployeeLogin  - Total there are 1 number of Customers
[main] 2021-08-19 01:54:19 INFO  com.app.EmployeeLogin  - com.app.model.Customers@f2f2cc1
[main] 2021-08-19 01:54:19 INFO  com.app.EmployeeLogin  - 
Employee Login Successful
[main] 2021-08-19 01:54:19 INFO  com.app.EmployeeLogin  - 1. View Customers Details
[main] 2021-08-19 01:54:19 INFO  com.app.EmployeeLogin  - 2. Add a new Product
[main] 2021-08-19 01:54:19 INFO  com.app.EmployeeLogin  - 3. Mark Order as Shipped
[main] 2021-08-19 01:54:19 INFO  com.app.EmployeeLogin  - 4. Modify Quantity of Existing Products
[main] 2021-08-19 01:54:19 INFO  com.app.EmployeeLogin  - 5. Delete Existing Product
[main] 2021-08-19 01:54:19 INFO  com.app.EmployeeLogin  - 6. Logout
[main] 2021-08-19 01:58:18 INFO  com.app.EmployeeLogin  - 1.Login
[main] 2021-08-19 01:58:18 INFO  com.app.EmployeeLogin  - 2.Exit
[main] 2021-08-19 01:58:26 INFO  com.app.EmployeeLogin  - 
Employee Login Successful
[main] 2021-08-19 01:58:26 INFO  com.app.EmployeeLogin  - 1. View Customers Details
[main] 2021-08-19 01:58:26 INFO  com.app.EmployeeLogin  - 2. Add a new Product
[main] 2021-08-19 01:58:26 INFO  com.app.EmployeeLogin  - 3. Mark Order as Shipped
[main] 2021-08-19 01:58:26 INFO  com.app.EmployeeLogin  - 4. Modify Quantity of Existing Products
[main] 2021-08-19 01:58:26 INFO  com.app.EmployeeLogin  - 5. Delete Existing Product
[main] 2021-08-19 01:58:26 INFO  com.app.EmployeeLogin  - 6. Logout
[main] 2021-08-19 01:58:28 INFO  com.app.EmployeeLogin  - Showing Customer Details
[main] 2021-08-19 01:58:30 INFO  com.app.EmployeeLogin  - Total there are 1 number of Customers
[main] 2021-08-19 01:58:30 INFO  com.app.EmployeeLogin  - com.app.model.Customers@f2f2cc1
[main] 2021-08-19 01:58:30 INFO  com.app.EmployeeLogin  - 
Employee Login Successful
[main] 2021-08-19 01:58:30 INFO  com.app.EmployeeLogin  - 1. View Customers Details
[main] 2021-08-19 01:58:30 INFO  com.app.EmployeeLogin  - 2. Add a new Product
[main] 2021-08-19 01:58:30 INFO  com.app.EmployeeLogin  - 3. Mark Order as Shipped
[main] 2021-08-19 01:58:30 INFO  com.app.EmployeeLogin  - 4. Modify Quantity of Existing Products
[main] 2021-08-19 01:58:30 INFO  com.app.EmployeeLogin  - 5. Delete Existing Product
[main] 2021-08-19 01:58:30 INFO  com.app.EmployeeLogin  - 6. Logout
[main] 2021-08-19 02:05:29 INFO  com.app.EmployeeLogin  - 1.Login
[main] 2021-08-19 02:05:29 INFO  com.app.EmployeeLogin  - 2.Exit
[main] 2021-08-19 02:05:39 INFO  com.app.EmployeeLogin  - 
Employee Login Successful
[main] 2021-08-19 02:05:39 INFO  com.app.EmployeeLogin  - 1. View Customers Details
[main] 2021-08-19 02:05:39 INFO  com.app.EmployeeLogin  - 2. Add a new Product
[main] 2021-08-19 02:05:39 INFO  com.app.EmployeeLogin  - 3. Mark Order as Shipped
[main] 2021-08-19 02:05:39 INFO  com.app.EmployeeLogin  - 4. Modify Quantity of Existing Products
[main] 2021-08-19 02:05:39 INFO  com.app.EmployeeLogin  - 5. Delete Existing Product
[main] 2021-08-19 02:05:39 INFO  com.app.EmployeeLogin  - 6. Logout
[main] 2021-08-19 02:05:41 INFO  com.app.EmployeeLogin  - Showing Customer Details
[main] 2021-08-19 02:05:42 INFO  com.app.EmployeeLogin  - Total there are 1 number of Customers
[main] 2021-08-19 02:05:42 INFO  com.app.EmployeeLogin  - Customer [CustomerId=123, Password=ash999, FirstName=Ash, LastName=Benson, Email=ash123@gmail.com, gender=M, Address=B32 Bleecker Street, New York, ContactNo=9879879871]
[main] 2021-08-19 02:05:42 INFO  com.app.EmployeeLogin  - 
Employee Login Successful
[main] 2021-08-19 02:05:42 INFO  com.app.EmployeeLogin  - 1. View Customers Details
[main] 2021-08-19 02:05:42 INFO  com.app.EmployeeLogin  - 2. Add a new Product
[main] 2021-08-19 02:05:42 INFO  com.app.EmployeeLogin  - 3. Mark Order as Shipped
[main] 2021-08-19 02:05:42 INFO  com.app.EmployeeLogin  - 4. Modify Quantity of Existing Products
[main] 2021-08-19 02:05:42 INFO  com.app.EmployeeLogin  - 5. Delete Existing Product
[main] 2021-08-19 02:05:42 INFO  com.app.EmployeeLogin  - 6. Logout
[main] 2021-08-19 02:07:01 INFO  com.app.EmployeeLogin  - Logging out
[main] 2021-08-19 10:56:23 INFO  com.app.CustomerLogin  - 1. Register New Account
[main] 2021-08-19 10:56:23 INFO  com.app.CustomerLogin  - 2. Login
[main] 2021-08-19 10:56:23 INFO  com.app.CustomerLogin  - 3. Exit
[main] 2021-08-19 10:57:28 INFO  com.app.CustomerLogin  - 1. Register New Account
[main] 2021-08-19 10:57:28 INFO  com.app.CustomerLogin  - 2. Login
[main] 2021-08-19 10:57:28 INFO  com.app.CustomerLogin  - 3. Exit
[main] 2021-08-19 10:57:32 INFO  com.app.CustomerLogin  - Registering New Account
[main] 2021-08-19 10:58:10 INFO  com.app.CustomerLogin  - 1. Register New Account
[main] 2021-08-19 10:58:10 INFO  com.app.CustomerLogin  - 2. Login
[main] 2021-08-19 10:58:10 INFO  com.app.CustomerLogin  - 3. Exit
[main] 2021-08-19 10:58:11 INFO  com.app.CustomerLogin  - Registering New Account
[main] 2021-08-19 10:58:14 INFO  com.app.CustomerLogin  - Registering New Account
[main] 2021-08-19 10:58:19 INFO  com.app.CustomerLogin  - Login
[main] 2021-08-19 10:58:22 INFO  com.app.CustomerLogin  - Exiting!!
[main] 2021-08-19 10:59:06 INFO  com.app.CustomerLogin  - 1. Register New Account
[main] 2021-08-19 10:59:06 INFO  com.app.CustomerLogin  - 2. Login
[main] 2021-08-19 10:59:06 INFO  com.app.CustomerLogin  - 3. Exit
[main] 2021-08-19 10:59:06 INFO  com.app.CustomerLogin  - Enter your choice
[main] 2021-08-19 10:59:09 INFO  com.app.CustomerLogin  - Registering New Account
[main] 2021-08-19 10:59:09 INFO  com.app.CustomerLogin  - Login
[main] 2021-08-19 10:59:13 INFO  com.app.CustomerLogin  - Login
[main] 2021-08-19 10:59:36 INFO  com.app.CustomerLogin  - 1. Register New Account
[main] 2021-08-19 10:59:36 INFO  com.app.CustomerLogin  - 2. Login
[main] 2021-08-19 10:59:36 INFO  com.app.CustomerLogin  - 3. Exit
[main] 2021-08-19 10:59:36 INFO  com.app.CustomerLogin  - Enter your choice
[main] 2021-08-19 10:59:38 INFO  com.app.CustomerLogin  - Registering New Account
[main] 2021-08-19 10:59:38 INFO  com.app.CustomerLogin  - Login
[main] 2021-08-19 10:59:38 INFO  com.app.CustomerLogin  - 1. Register New Account
[main] 2021-08-19 10:59:38 INFO  com.app.CustomerLogin  - 2. Login
[main] 2021-08-19 10:59:38 INFO  com.app.CustomerLogin  - 3. Exit
[main] 2021-08-19 10:59:38 INFO  com.app.CustomerLogin  - Enter your choice
[main] 2021-08-19 10:59:40 INFO  com.app.CustomerLogin  - Login
[main] 2021-08-19 10:59:40 INFO  com.app.CustomerLogin  - 1. Register New Account
[main] 2021-08-19 10:59:40 INFO  com.app.CustomerLogin  - 2. Login
[main] 2021-08-19 10:59:40 INFO  com.app.CustomerLogin  - 3. Exit
[main] 2021-08-19 10:59:40 INFO  com.app.CustomerLogin  - Enter your choice
[main] 2021-08-19 10:59:41 INFO  com.app.CustomerLogin  - Exiting!!
[main] 2021-08-19 12:21:16 INFO  com.app.CustomerLogin  - 1. Register New Account
[main] 2021-08-19 12:21:16 INFO  com.app.CustomerLogin  - 2. Login
[main] 2021-08-19 12:21:16 INFO  com.app.CustomerLogin  - 3. Exit
[main] 2021-08-19 12:21:16 INFO  com.app.CustomerLogin  - Enter your choice
[main] 2021-08-19 12:21:19 INFO  com.app.CustomerLogin  - Registering New Account
[main] 2021-08-19 12:21:19 INFO  com.app.search.service.impl.EmployeeSearchServiceImpl  - Enter CustomerId(We will check if its available or not)
[main] 2021-08-19 12:21:19 INFO  com.app.search.service.impl.EmployeeSearchServiceImpl  - Its Recommended to make an Id with your name plus numbers(ash999)
[main] 2021-08-19 12:21:19 INFO  com.app.search.service.impl.EmployeeSearchServiceImpl  - Enter here:
[main] 2021-08-19 12:21:33 ERROR com.app.dao.impl.CustomerDAOimpl  - java.sql.SQLException: Can not issue executeUpdate() or executeLargeUpdate() for SELECTs
[main] 2021-08-19 12:21:33 WARN  com.app.CustomerLogin  - Error in inputing details
[main] 2021-08-19 12:21:33 INFO  com.app.CustomerLogin  - 1. Register New Account
[main] 2021-08-19 12:21:33 INFO  com.app.CustomerLogin  - 2. Login
[main] 2021-08-19 12:21:33 INFO  com.app.CustomerLogin  - 3. Exit
[main] 2021-08-19 12:21:33 INFO  com.app.CustomerLogin  - Enter your choice
[main] 2021-08-19 12:24:19 INFO  com.app.CustomerLogin  - 1. Register New Account
[main] 2021-08-19 12:24:19 INFO  com.app.CustomerLogin  - 2. Login
[main] 2021-08-19 12:24:19 INFO  com.app.CustomerLogin  - 3. Exit
[main] 2021-08-19 12:24:19 INFO  com.app.CustomerLogin  - Enter your choice
[main] 2021-08-19 12:24:23 INFO  com.app.CustomerLogin  - Registering New Account
[main] 2021-08-19 12:24:23 INFO  com.app.search.service.impl.EmployeeSearchServiceImpl  - Enter CustomerId(We will check if its available or not)
[main] 2021-08-19 12:24:23 INFO  com.app.search.service.impl.EmployeeSearchServiceImpl  - Its Recommended to make an Id with your name plus numbers(ash999)
[main] 2021-08-19 12:24:23 INFO  com.app.search.service.impl.EmployeeSearchServiceImpl  - Enter here:
[main] 2021-08-19 12:24:29 INFO  com.app.search.service.impl.EmployeeSearchServiceImpl  - ID already taken
[main] 2021-08-19 12:24:29 INFO  com.app.search.service.impl.EmployeeSearchServiceImpl  - Enter here:
[main] 2021-08-19 12:24:34 INFO  com.app.search.service.impl.EmployeeSearchServiceImpl  - password
[main] 2021-08-19 12:24:38 INFO  com.app.search.service.impl.EmployeeSearchServiceImpl  - firstname
[main] 2021-08-19 12:24:41 INFO  com.app.search.service.impl.EmployeeSearchServiceImpl  - lastname
[main] 2021-08-19 12:24:43 INFO  com.app.search.service.impl.EmployeeSearchServiceImpl  - email
[main] 2021-08-19 12:24:50 INFO  com.app.search.service.impl.EmployeeSearchServiceImpl  - address
[main] 2021-08-19 12:25:08 INFO  com.app.search.service.impl.EmployeeSearchServiceImpl  - gender
[main] 2021-08-19 12:25:08 INFO  com.app.search.service.impl.EmployeeSearchServiceImpl  - contactno
[main] 2021-08-19 12:25:08 ERROR com.app.dao.impl.CustomerDAOimpl  - com.mysql.cj.jdbc.exceptions.MysqlDataTruncation: Data truncation: Data too long for column 'gender' at row 1
[main] 2021-08-19 12:25:08 WARN  com.app.CustomerLogin  - Internal error occured contact sysadmin
[main] 2021-08-19 12:25:08 INFO  com.app.CustomerLogin  - 1. Register New Account
[main] 2021-08-19 12:25:08 INFO  com.app.CustomerLogin  - 2. Login
[main] 2021-08-19 12:25:08 INFO  com.app.CustomerLogin  - 3. Exit
[main] 2021-08-19 12:25:08 INFO  com.app.CustomerLogin  - Enter your choice
[main] 2021-08-19 12:25:39 INFO  com.app.CustomerLogin  - 1. Register New Account
[main] 2021-08-19 12:25:39 INFO  com.app.CustomerLogin  - 2. Login
[main] 2021-08-19 12:25:39 INFO  com.app.CustomerLogin  - 3. Exit
[main] 2021-08-19 12:25:39 INFO  com.app.CustomerLogin  - Enter your choice
[main] 2021-08-19 12:25:44 INFO  com.app.CustomerLogin  - Registering New Account
[main] 2021-08-19 12:25:44 INFO  com.app.search.service.impl.EmployeeSearchServiceImpl  - Enter CustomerId(We will check if its available or not)
[main] 2021-08-19 12:25:44 INFO  com.app.search.service.impl.EmployeeSearchServiceImpl  - Its Recommended to make an Id with your name plus numbers(ash999)
[main] 2021-08-19 12:25:44 INFO  com.app.search.service.impl.EmployeeSearchServiceImpl  - Enter here:
[main] 2021-08-19 12:25:48 INFO  com.app.search.service.impl.EmployeeSearchServiceImpl  - ID already taken
[main] 2021-08-19 12:25:48 INFO  com.app.search.service.impl.EmployeeSearchServiceImpl  - Enter here:
[main] 2021-08-19 12:25:51 INFO  com.app.search.service.impl.EmployeeSearchServiceImpl  - password
[main] 2021-08-19 12:25:54 INFO  com.app.search.service.impl.EmployeeSearchServiceImpl  - firstname
[main] 2021-08-19 12:25:57 INFO  com.app.search.service.impl.EmployeeSearchServiceImpl  - lastname
[main] 2021-08-19 12:25:58 INFO  com.app.search.service.impl.EmployeeSearchServiceImpl  - email
[main] 2021-08-19 12:26:05 INFO  com.app.search.service.impl.EmployeeSearchServiceImpl  - address
[main] 2021-08-19 12:26:05 INFO  com.app.search.service.impl.EmployeeSearchServiceImpl  - gender
[main] 2021-08-19 12:37:27 INFO  com.app.CustomerLogin  - 1. Register New Account
[main] 2021-08-19 12:37:27 INFO  com.app.CustomerLogin  - 2. Login
[main] 2021-08-19 12:37:27 INFO  com.app.CustomerLogin  - 3. Exit
[main] 2021-08-19 12:37:27 INFO  com.app.CustomerLogin  - Enter your choice
[main] 2021-08-19 12:37:27 INFO  com.app.CustomerLogin  - 1. Register New Account
[main] 2021-08-19 12:37:27 INFO  com.app.CustomerLogin  - 2. Login
[main] 2021-08-19 12:37:27 INFO  com.app.CustomerLogin  - 3. Exit
[main] 2021-08-19 12:37:27 INFO  com.app.CustomerLogin  - Enter your choice
[main] 2021-08-19 12:37:35 INFO  com.app.CustomerLogin  - Registering New Account
[main] 2021-08-19 12:37:35 INFO  com.app.search.service.impl.EmployeeSearchServiceImpl  - Enter CustomerId(We will check if its available or not)
[main] 2021-08-19 12:37:35 INFO  com.app.search.service.impl.EmployeeSearchServiceImpl  - Its Recommended to make an Id with your name plus numbers(ash999)
[main] 2021-08-19 12:37:35 INFO  com.app.search.service.impl.EmployeeSearchServiceImpl  - Enter here:
[main] 2021-08-19 12:37:41 INFO  com.app.search.service.impl.EmployeeSearchServiceImpl  - ID already taken
[main] 2021-08-19 12:37:41 INFO  com.app.search.service.impl.EmployeeSearchServiceImpl  - Enter here:
[main] 2021-08-19 12:37:43 INFO  com.app.search.service.impl.EmployeeSearchServiceImpl  - password
[main] 2021-08-19 12:37:46 INFO  com.app.search.service.impl.EmployeeSearchServiceImpl  - firstname
[main] 2021-08-19 12:37:48 INFO  com.app.search.service.impl.EmployeeSearchServiceImpl  - lastname
[main] 2021-08-19 12:37:50 INFO  com.app.search.service.impl.EmployeeSearchServiceImpl  - email
[main] 2021-08-19 12:37:56 INFO  com.app.search.service.impl.EmployeeSearchServiceImpl  - address
[main] 2021-08-19 12:38:24 INFO  com.app.search.service.impl.EmployeeSearchServiceImpl  - gender
[main] 2021-08-19 12:38:24 WARN  com.app.CustomerLogin  - Error in inputing details
[main] 2021-08-19 12:38:24 INFO  com.app.CustomerLogin  - 1. Register New Account
[main] 2021-08-19 12:38:24 INFO  com.app.CustomerLogin  - 2. Login
[main] 2021-08-19 12:38:24 INFO  com.app.CustomerLogin  - 3. Exit
[main] 2021-08-19 12:38:24 INFO  com.app.CustomerLogin  - Enter your choice
[main] 2021-08-19 12:44:25 INFO  com.app.CustomerLogin  - 1. Register New Account
[main] 2021-08-19 12:44:25 INFO  com.app.CustomerLogin  - 2. Login
[main] 2021-08-19 12:44:25 INFO  com.app.CustomerLogin  - 3. Exit
[main] 2021-08-19 12:44:25 INFO  com.app.CustomerLogin  - Enter your choice
[main] 2021-08-19 12:44:30 INFO  com.app.CustomerLogin  - Registering New Account
[main] 2021-08-19 12:44:30 INFO  com.app.search.service.impl.EmployeeSearchServiceImpl  - Enter CustomerId(We will check if its available or not)
[main] 2021-08-19 12:44:30 INFO  com.app.search.service.impl.EmployeeSearchServiceImpl  - Its Recommended to make an Id with your name plus numbers(ash999)
[main] 2021-08-19 12:44:30 INFO  com.app.search.service.impl.EmployeeSearchServiceImpl  - Enter here:
[main] 2021-08-19 12:44:37 INFO  com.app.search.service.impl.EmployeeSearchServiceImpl  - ID already taken
[main] 2021-08-19 12:44:37 INFO  com.app.search.service.impl.EmployeeSearchServiceImpl  - Enter here:
[main] 2021-08-19 12:44:41 INFO  com.app.search.service.impl.EmployeeSearchServiceImpl  - password
[main] 2021-08-19 12:44:44 INFO  com.app.search.service.impl.EmployeeSearchServiceImpl  - firstname
[main] 2021-08-19 12:44:46 INFO  com.app.search.service.impl.EmployeeSearchServiceImpl  - lastname
[main] 2021-08-19 12:44:48 INFO  com.app.search.service.impl.EmployeeSearchServiceImpl  - email
[main] 2021-08-19 12:44:53 INFO  com.app.search.service.impl.EmployeeSearchServiceImpl  - address
[main] 2021-08-19 12:45:03 INFO  com.app.search.service.impl.EmployeeSearchServiceImpl  - gender
[main] 2021-08-19 12:45:06 INFO  com.app.search.service.impl.EmployeeSearchServiceImpl  - contactno
[main] 2021-08-19 12:45:13 INFO  com.app.CustomerLogin  - Registration Successful
[main] 2021-08-19 12:45:13 INFO  com.app.CustomerLogin  - 1. Register New Account
[main] 2021-08-19 12:45:13 INFO  com.app.CustomerLogin  - 2. Login
[main] 2021-08-19 12:45:13 INFO  com.app.CustomerLogin  - 3. Exit
[main] 2021-08-19 12:45:13 INFO  com.app.CustomerLogin  - Enter your choice
[main] 2021-08-19 12:45:17 INFO  com.app.CustomerLogin  - Registering New Account
[main] 2021-08-19 12:45:17 INFO  com.app.search.service.impl.EmployeeSearchServiceImpl  - Enter CustomerId(We will check if its available or not)
[main] 2021-08-19 12:45:17 INFO  com.app.search.service.impl.EmployeeSearchServiceImpl  - Its Recommended to make an Id with your name plus numbers(ash999)
[main] 2021-08-19 12:45:17 INFO  com.app.search.service.impl.EmployeeSearchServiceImpl  - Enter here:
[main] 2021-08-19 12:45:21 INFO  com.app.search.service.impl.EmployeeSearchServiceImpl  - ID already taken
[main] 2021-08-19 12:45:21 INFO  com.app.search.service.impl.EmployeeSearchServiceImpl  - Enter here:
[main] 2021-08-19 15:07:14 INFO  com.app.CustomerLogin  - 1. Register New Account
[main] 2021-08-19 15:07:14 INFO  com.app.CustomerLogin  - 2. Login
[main] 2021-08-19 15:07:14 INFO  com.app.CustomerLogin  - 3. Exit
[main] 2021-08-19 15:07:14 INFO  com.app.CustomerLogin  - Enter your choice
[main] 2021-08-19 15:07:25 INFO  com.app.CustomerLogin  - Registering New Account
[main] 2021-08-19 15:07:25 INFO  com.app.search.service.impl.EmployeeSearchServiceImpl  - Enter CustomerId(We will check if its available or not)
[main] 2021-08-19 15:07:25 INFO  com.app.search.service.impl.EmployeeSearchServiceImpl  - Its Recommended to make an Id with your name plus numbers(ash999)
[main] 2021-08-19 15:07:25 INFO  com.app.search.service.impl.EmployeeSearchServiceImpl  - Enter here:
[main] 2021-08-19 15:07:33 INFO  com.app.search.service.impl.EmployeeSearchServiceImpl  - ID already taken
[main] 2021-08-19 15:07:33 INFO  com.app.search.service.impl.EmployeeSearchServiceImpl  - Enter here:
[main] 2021-08-19 15:07:35 INFO  com.app.search.service.impl.EmployeeSearchServiceImpl  - ID already taken
[main] 2021-08-19 15:07:35 INFO  com.app.search.service.impl.EmployeeSearchServiceImpl  - Enter here:
[main] 2021-08-19 15:07:46 WARN  com.app.CustomerLogin  - Error in inputing details
[main] 2021-08-19 15:07:46 INFO  com.app.CustomerLogin  - 1. Register New Account
[main] 2021-08-19 15:07:46 INFO  com.app.CustomerLogin  - 2. Login
[main] 2021-08-19 15:07:46 INFO  com.app.CustomerLogin  - 3. Exit
[main] 2021-08-19 15:07:46 INFO  com.app.CustomerLogin  - Enter your choice
[main] 2021-08-19 15:07:53 INFO  com.app.CustomerLogin  - 1. Register New Account
[main] 2021-08-19 15:07:53 INFO  com.app.CustomerLogin  - 2. Login
[main] 2021-08-19 15:07:53 INFO  com.app.CustomerLogin  - 3. Exit
[main] 2021-08-19 15:07:53 INFO  com.app.CustomerLogin  - Enter your choice
[main] 2021-08-19 15:07:56 INFO  com.app.CustomerLogin  - Login
[main] 2021-08-19 15:07:56 INFO  com.app.CustomerLogin  - Enter Your ID
[main] 2021-08-19 15:08:04 INFO  com.app.CustomerLogin  - Enter Password
[main] 2021-08-19 15:08:08 INFO  com.app.CustomerLogin  - Login Successful
[main] 2021-08-19 15:08:08 INFO  com.app.CustomerLogin  - 1. View All Products
[main] 2021-08-19 15:08:08 INFO  com.app.CustomerLogin  - 2. View your Cart
[main] 2021-08-19 15:08:08 INFO  com.app.CustomerLogin  - 3. View your Orders
[main] 2021-08-19 15:08:08 INFO  com.app.CustomerLogin  - 4. Log out
[main] 2021-08-19 15:08:08 INFO  com.app.CustomerLogin  - Enter your choice
[main] 2021-08-19 15:08:13 INFO  com.app.CustomerLogin  - Going back to Main Menu
[main] 2021-08-19 15:08:15 INFO  com.app.CustomerLogin  - 1. Register New Account
[main] 2021-08-19 15:08:15 INFO  com.app.CustomerLogin  - 2. Login
[main] 2021-08-19 15:08:15 INFO  com.app.CustomerLogin  - 3. Exit
[main] 2021-08-19 15:08:15 INFO  com.app.CustomerLogin  - Enter your choice
[main] 2021-08-19 15:08:18 INFO  com.app.CustomerLogin  - Login
[main] 2021-08-19 15:08:18 INFO  com.app.CustomerLogin  - Enter Your ID
[main] 2021-08-19 15:08:21 INFO  com.app.CustomerLogin  - Enter Password
[main] 2021-08-19 15:08:25 WARN  com.app.CustomerLogin  - Internal Server Error: Forced Logout or Login Error(Invalid Credentials)
[main] 2021-08-19 15:08:25 INFO  com.app.CustomerLogin  - 1. Register New Account
[main] 2021-08-19 15:08:25 INFO  com.app.CustomerLogin  - 2. Login
[main] 2021-08-19 15:08:25 INFO  com.app.CustomerLogin  - 3. Exit
[main] 2021-08-19 15:08:25 INFO  com.app.CustomerLogin  - Enter your choice
[main] 2021-08-19 15:08:33 INFO  com.app.CustomerLogin  - Exiting!!
[main] 2021-08-19 16:03:35 INFO  com.app.CustomerLogin  - 1. Register New Account
[main] 2021-08-19 16:03:35 INFO  com.app.CustomerLogin  - 2. Login
[main] 2021-08-19 16:03:35 INFO  com.app.CustomerLogin  - 3. Exit
[main] 2021-08-19 16:03:35 INFO  com.app.CustomerLogin  - Enter your choice
[main] 2021-08-19 16:03:39 INFO  com.app.CustomerLogin  - Login
[main] 2021-08-19 16:03:39 INFO  com.app.CustomerLogin  - Enter Your ID
[main] 2021-08-19 16:03:42 INFO  com.app.CustomerLogin  - Enter Password
[main] 2021-08-19 16:03:46 INFO  com.app.CustomerLogin  - Login Successful
[main] 2021-08-19 16:03:46 INFO  com.app.CustomerLogin  - 1. View All Products
[main] 2021-08-19 16:03:46 INFO  com.app.CustomerLogin  - 2. View your Cart
[main] 2021-08-19 16:03:46 INFO  com.app.CustomerLogin  - 3. View your Orders
[main] 2021-08-19 16:03:46 INFO  com.app.CustomerLogin  - 4. Log out
[main] 2021-08-19 16:03:46 INFO  com.app.CustomerLogin  - Enter your choice
[main] 2021-08-19 16:03:47 INFO  com.app.CustomerLogin  - Showing All Products
[main] 2021-08-19 16:03:47 INFO  com.app.CustomerLogin  - Total there are 1 number of Products you can buy
[main] 2021-08-19 16:03:47 INFO  com.app.CustomerLogin  - Product [ProductId=1, Product Name=tv, ProductType=electronic, ProductPrice=3000.3, ProductQuantity=20, ProductCompany=sony]
[main] 2021-08-19 16:03:47 INFO  com.app.CustomerLogin  - 1. Add to Cart
[main] 2021-08-19 16:03:47 INFO  com.app.CustomerLogin  - 2. Go back
[main] 2021-08-19 16:03:47 INFO  com.app.CustomerLogin  - Enter Choice
[main] 2021-08-19 16:03:53 INFO  com.app.CustomerLogin  - Going Back!!
[main] 2021-08-19 16:03:53 INFO  com.app.CustomerLogin  - 1. View All Products
[main] 2021-08-19 16:03:53 INFO  com.app.CustomerLogin  - 2. View your Cart
[main] 2021-08-19 16:03:53 INFO  com.app.CustomerLogin  - 3. View your Orders
[main] 2021-08-19 16:03:53 INFO  com.app.CustomerLogin  - 4. Log out
[main] 2021-08-19 16:03:53 INFO  com.app.CustomerLogin  - Enter your choice
[main] 2021-08-19 16:03:59 INFO  com.app.CustomerLogin  - Your Cart
[main] 2021-08-19 16:03:59 WARN  com.app.CustomerLogin  - Cart Empty
[main] 2021-08-19 16:03:59 INFO  com.app.CustomerLogin  - 1. View All Products
[main] 2021-08-19 16:03:59 INFO  com.app.CustomerLogin  - 2. View your Cart
[main] 2021-08-19 16:03:59 INFO  com.app.CustomerLogin  - 3. View your Orders
[main] 2021-08-19 16:03:59 INFO  com.app.CustomerLogin  - 4. Log out
[main] 2021-08-19 16:03:59 INFO  com.app.CustomerLogin  - Enter your choice
[main] 2021-08-19 16:04:04 INFO  com.app.CustomerLogin  - Going back to Main Menu
[main] 2021-08-19 16:04:06 INFO  com.app.CustomerLogin  - 1. Register New Account
[main] 2021-08-19 16:04:06 INFO  com.app.CustomerLogin  - 2. Login
[main] 2021-08-19 16:04:06 INFO  com.app.CustomerLogin  - 3. Exit
[main] 2021-08-19 16:04:06 INFO  com.app.CustomerLogin  - Enter your choice
[main] 2021-08-19 16:04:08 INFO  com.app.CustomerLogin  - Exiting!!
[main] 2021-08-19 16:13:57 INFO  com.app.CustomerLogin  - 1. Register New Account
[main] 2021-08-19 16:13:57 INFO  com.app.CustomerLogin  - 2. Login
[main] 2021-08-19 16:13:57 INFO  com.app.CustomerLogin  - 3. Exit
[main] 2021-08-19 16:13:57 INFO  com.app.CustomerLogin  - Enter your choice
[main] 2021-08-19 16:14:01 INFO  com.app.CustomerLogin  - Login
[main] 2021-08-19 16:14:01 INFO  com.app.CustomerLogin  - Enter Your ID
[main] 2021-08-19 16:14:04 INFO  com.app.CustomerLogin  - Enter Password
[main] 2021-08-19 16:14:07 INFO  com.app.CustomerLogin  - Login Successful
[main] 2021-08-19 16:14:07 INFO  com.app.CustomerLogin  - 1. View All Products
[main] 2021-08-19 16:14:07 INFO  com.app.CustomerLogin  - 2. View your Cart
[main] 2021-08-19 16:14:07 INFO  com.app.CustomerLogin  - 3. View your Orders
[main] 2021-08-19 16:14:07 INFO  com.app.CustomerLogin  - 4. Log out
[main] 2021-08-19 16:14:07 INFO  com.app.CustomerLogin  - Enter your choice
[main] 2021-08-19 16:14:11 INFO  com.app.CustomerLogin  - Showing All Products
[main] 2021-08-19 16:14:11 INFO  com.app.CustomerLogin  - Total there are 1 number of Products you can buy
[main] 2021-08-19 16:14:11 INFO  com.app.CustomerLogin  - Product [ProductId=1, Product Name=tv, ProductType=electronic, ProductPrice=3000.3, ProductQuantity=20, ProductCompany=sony]
[main] 2021-08-19 16:14:11 INFO  com.app.CustomerLogin  - 1. Add to Cart
[main] 2021-08-19 16:14:11 INFO  com.app.CustomerLogin  - 2. Go back
[main] 2021-08-19 16:14:11 INFO  com.app.CustomerLogin  - Enter Choice
[main] 2021-08-19 16:14:13 INFO  com.app.CustomerLogin  - Keep Entering ProductId of all Products you want in cart
[main] 2021-08-19 16:14:13 INFO  com.app.CustomerLogin  - Enter 0 when finished
[main] 2021-08-19 16:14:13 INFO  com.app.CustomerLogin  - Enter here:
[main] 2021-08-19 16:14:23 INFO  com.app.CustomerLogin  - 1. View All Products
[main] 2021-08-19 16:14:23 INFO  com.app.CustomerLogin  - 2. View your Cart
[main] 2021-08-19 16:14:23 INFO  com.app.CustomerLogin  - 3. View your Orders
[main] 2021-08-19 16:14:23 INFO  com.app.CustomerLogin  - 4. Log out
[main] 2021-08-19 16:14:23 INFO  com.app.CustomerLogin  - Enter your choice
[main] 2021-08-19 16:14:40 INFO  com.app.CustomerLogin  - 1. Register New Account
[main] 2021-08-19 16:14:40 INFO  com.app.CustomerLogin  - 2. Login
[main] 2021-08-19 16:14:40 INFO  com.app.CustomerLogin  - 3. Exit
[main] 2021-08-19 16:14:40 INFO  com.app.CustomerLogin  - Enter your choice
[main] 2021-08-19 16:14:42 INFO  com.app.CustomerLogin  - Login
[main] 2021-08-19 16:14:42 INFO  com.app.CustomerLogin  - Enter Your ID
[main] 2021-08-19 16:14:43 INFO  com.app.CustomerLogin  - Enter Password
[main] 2021-08-19 16:14:47 INFO  com.app.CustomerLogin  - Login Successful
[main] 2021-08-19 16:14:47 INFO  com.app.CustomerLogin  - 1. View All Products
[main] 2021-08-19 16:14:47 INFO  com.app.CustomerLogin  - 2. View your Cart
[main] 2021-08-19 16:14:47 INFO  com.app.CustomerLogin  - 3. View your Orders
[main] 2021-08-19 16:14:47 INFO  com.app.CustomerLogin  - 4. Log out
[main] 2021-08-19 16:14:47 INFO  com.app.CustomerLogin  - Enter your choice
[main] 2021-08-19 16:14:48 INFO  com.app.CustomerLogin  - Showing All Products
[main] 2021-08-19 16:14:48 INFO  com.app.CustomerLogin  - Total there are 1 number of Products you can buy
[main] 2021-08-19 16:14:48 INFO  com.app.CustomerLogin  - Product [ProductId=1, Product Name=tv, ProductType=electronic, ProductPrice=3000.3, ProductQuantity=20, ProductCompany=sony]
[main] 2021-08-19 16:14:48 INFO  com.app.CustomerLogin  - 1. Add to Cart
[main] 2021-08-19 16:14:48 INFO  com.app.CustomerLogin  - 2. Go back
[main] 2021-08-19 16:14:48 INFO  com.app.CustomerLogin  - Enter Choice
[main] 2021-08-19 16:14:50 INFO  com.app.CustomerLogin  - Keep Entering ProductId of all Products you want in cart
[main] 2021-08-19 16:14:50 INFO  com.app.CustomerLogin  - Enter 0 when finished
[main] 2021-08-19 16:14:50 INFO  com.app.CustomerLogin  - Enter here:
[main] 2021-08-19 16:14:54 INFO  com.app.CustomerLogin  - 1. View All Products
[main] 2021-08-19 16:14:54 INFO  com.app.CustomerLogin  - 2. View your Cart
[main] 2021-08-19 16:14:54 INFO  com.app.CustomerLogin  - 3. View your Orders
[main] 2021-08-19 16:14:54 INFO  com.app.CustomerLogin  - 4. Log out
[main] 2021-08-19 16:14:54 INFO  com.app.CustomerLogin  - Enter your choice
[main] 2021-08-19 16:14:57 INFO  com.app.CustomerLogin  - Going back to Main Menu
[main] 2021-08-19 16:14:59 INFO  com.app.CustomerLogin  - 1. Register New Account
[main] 2021-08-19 16:14:59 INFO  com.app.CustomerLogin  - 2. Login
[main] 2021-08-19 16:14:59 INFO  com.app.CustomerLogin  - 3. Exit
[main] 2021-08-19 16:14:59 INFO  com.app.CustomerLogin  - Enter your choice
[main] 2021-08-19 16:15:00 INFO  com.app.CustomerLogin  - Exiting!!
[main] 2021-08-19 17:27:01 INFO  com.app.CustomerLogin  - 1. Register New Account
[main] 2021-08-19 17:27:01 INFO  com.app.CustomerLogin  - 2. Login
[main] 2021-08-19 17:27:01 INFO  com.app.CustomerLogin  - 3. Exit
[main] 2021-08-19 17:27:01 INFO  com.app.CustomerLogin  - Enter your choice
[main] 2021-08-19 17:27:06 INFO  com.app.CustomerLogin  - Login
[main] 2021-08-19 17:27:06 INFO  com.app.CustomerLogin  - Enter Your ID
[main] 2021-08-19 17:27:22 INFO  com.app.CustomerLogin  - Enter Password
[main] 2021-08-19 17:27:26 INFO  com.app.CustomerLogin  - Login Successful
[main] 2021-08-19 17:27:26 INFO  com.app.CustomerLogin  - 1. View All Products
[main] 2021-08-19 17:27:26 INFO  com.app.CustomerLogin  - 2. View your Cart
[main] 2021-08-19 17:27:26 INFO  com.app.CustomerLogin  - 3. View your Orders
[main] 2021-08-19 17:27:26 INFO  com.app.CustomerLogin  - 4. Log out
[main] 2021-08-19 17:27:26 INFO  com.app.CustomerLogin  - Enter your choice
[main] 2021-08-19 17:27:28 INFO  com.app.CustomerLogin  - Showing All Products
[main] 2021-08-19 17:27:28 INFO  com.app.CustomerLogin  - Total there are 1 number of Products you can buy
[main] 2021-08-19 17:27:28 INFO  com.app.CustomerLogin  - Product [ProductId=1, Product Name=tv, ProductType=electronic, ProductPrice=3000.3, ProductQuantity=20, ProductCompany=sony]
[main] 2021-08-19 17:27:28 INFO  com.app.CustomerLogin  - 1. Add to Cart
[main] 2021-08-19 17:27:28 INFO  com.app.CustomerLogin  - 2. Go back
[main] 2021-08-19 17:27:28 INFO  com.app.CustomerLogin  - Enter Choice
[main] 2021-08-19 17:27:33 INFO  com.app.CustomerLogin  - Keep Entering ProductId of all Products you want in cart
[main] 2021-08-19 17:27:33 INFO  com.app.CustomerLogin  - Enter 0 when finished
[main] 2021-08-19 17:27:33 INFO  com.app.CustomerLogin  - Enter here:
[main] 2021-08-19 17:27:53 ERROR com.app.dao.impl.CustomerDAOimpl  - java.sql.SQLSyntaxErrorException: Table 'projectdb.carts' doesn't exist
[main] 2021-08-19 17:27:53 WARN  com.app.CustomerLogin  - Internal error occured contact sysadmin
[main] 2021-08-19 17:27:53 INFO  com.app.CustomerLogin  - 1. View All Products
[main] 2021-08-19 17:27:53 INFO  com.app.CustomerLogin  - 2. View your Cart
[main] 2021-08-19 17:27:53 INFO  com.app.CustomerLogin  - 3. View your Orders
[main] 2021-08-19 17:27:53 INFO  com.app.CustomerLogin  - 4. Log out
[main] 2021-08-19 17:27:53 INFO  com.app.CustomerLogin  - Enter your choice
[main] 2021-08-19 17:28:33 INFO  com.app.CustomerLogin  - 1. Register New Account
[main] 2021-08-19 17:28:33 INFO  com.app.CustomerLogin  - 2. Login
[main] 2021-08-19 17:28:33 INFO  com.app.CustomerLogin  - 3. Exit
[main] 2021-08-19 17:28:33 INFO  com.app.CustomerLogin  - Enter your choice
[main] 2021-08-19 17:28:38 INFO  com.app.CustomerLogin  - Login
[main] 2021-08-19 17:28:38 INFO  com.app.CustomerLogin  - Enter Your ID
[main] 2021-08-19 17:28:41 INFO  com.app.CustomerLogin  - Enter Password
[main] 2021-08-19 17:28:44 INFO  com.app.CustomerLogin  - Login Successful
[main] 2021-08-19 17:28:44 INFO  com.app.CustomerLogin  - 1. View All Products
[main] 2021-08-19 17:28:44 INFO  com.app.CustomerLogin  - 2. View your Cart
[main] 2021-08-19 17:28:44 INFO  com.app.CustomerLogin  - 3. View your Orders
[main] 2021-08-19 17:28:44 INFO  com.app.CustomerLogin  - 4. Log out
[main] 2021-08-19 17:28:44 INFO  com.app.CustomerLogin  - Enter your choice
[main] 2021-08-19 17:28:46 INFO  com.app.CustomerLogin  - Showing All Products
[main] 2021-08-19 17:28:46 INFO  com.app.CustomerLogin  - Total there are 1 number of Products you can buy
[main] 2021-08-19 17:28:46 INFO  com.app.CustomerLogin  - Product [ProductId=1, Product Name=tv, ProductType=electronic, ProductPrice=3000.3, ProductQuantity=20, ProductCompany=sony]
[main] 2021-08-19 17:28:46 INFO  com.app.CustomerLogin  - 1. Add to Cart
[main] 2021-08-19 17:28:46 INFO  com.app.CustomerLogin  - 2. Go back
[main] 2021-08-19 17:28:46 INFO  com.app.CustomerLogin  - Enter Choice
[main] 2021-08-19 17:28:47 INFO  com.app.CustomerLogin  - Keep Entering ProductId of all Products you want in cart
[main] 2021-08-19 17:28:47 INFO  com.app.CustomerLogin  - Enter 0 when finished
[main] 2021-08-19 17:28:47 INFO  com.app.CustomerLogin  - Enter here:
[main] 2021-08-19 17:28:51 INFO  com.app.CustomerLogin  - Successfully Added To Cart
[main] 2021-08-19 17:28:51 INFO  com.app.CustomerLogin  - 1. View All Products
[main] 2021-08-19 17:28:51 INFO  com.app.CustomerLogin  - 2. View your Cart
[main] 2021-08-19 17:28:51 INFO  com.app.CustomerLogin  - 3. View your Orders
[main] 2021-08-19 17:28:51 INFO  com.app.CustomerLogin  - 4. Log out
[main] 2021-08-19 17:28:51 INFO  com.app.CustomerLogin  - Enter your choice
[main] 2021-08-19 17:28:54 INFO  com.app.CustomerLogin  - Your Cart
[main] 2021-08-19 17:28:54 INFO  com.app.CustomerLogin  - Total there are 1 number of Records in your Cart
[main] 2021-08-19 17:28:54 INFO  com.app.CustomerLogin  - [Cartid=1, CustomerIdash999, ProductId1]
[main] 2021-08-19 17:28:54 INFO  com.app.CustomerLogin  - 1. View All Products
[main] 2021-08-19 17:28:54 INFO  com.app.CustomerLogin  - 2. View your Cart
[main] 2021-08-19 17:28:54 INFO  com.app.CustomerLogin  - 3. View your Orders
[main] 2021-08-19 17:28:54 INFO  com.app.CustomerLogin  - 4. Log out
[main] 2021-08-19 17:28:54 INFO  com.app.CustomerLogin  - Enter your choice
[main] 2021-08-19 17:29:03 INFO  com.app.CustomerLogin  - Going back to Main Menu
[main] 2021-08-19 17:29:05 INFO  com.app.CustomerLogin  - 1. Register New Account
[main] 2021-08-19 17:29:05 INFO  com.app.CustomerLogin  - 2. Login
[main] 2021-08-19 17:29:05 INFO  com.app.CustomerLogin  - 3. Exit
[main] 2021-08-19 17:29:05 INFO  com.app.CustomerLogin  - Enter your choice
[main] 2021-08-19 17:29:06 INFO  com.app.CustomerLogin  - Exiting!!
[main] 2021-08-19 17:44:17 INFO  com.app.CustomerLogin  - 1. Register New Account
[main] 2021-08-19 17:44:17 INFO  com.app.CustomerLogin  - 2. Login
[main] 2021-08-19 17:44:17 INFO  com.app.CustomerLogin  - 3. Exit
[main] 2021-08-19 17:44:17 INFO  com.app.CustomerLogin  - Enter your choice
[main] 2021-08-19 17:44:21 INFO  com.app.CustomerLogin  - Login
[main] 2021-08-19 17:44:21 INFO  com.app.CustomerLogin  - Enter Your ID
[main] 2021-08-19 17:44:24 INFO  com.app.CustomerLogin  - Enter Password
[main] 2021-08-19 17:44:27 INFO  com.app.CustomerLogin  - Login Successful
[main] 2021-08-19 17:44:27 INFO  com.app.CustomerLogin  - 1. View All Products
[main] 2021-08-19 17:44:27 INFO  com.app.CustomerLogin  - 2. View your Cart
[main] 2021-08-19 17:44:27 INFO  com.app.CustomerLogin  - 3. View your Orders
[main] 2021-08-19 17:44:27 INFO  com.app.CustomerLogin  - 4. Log out
[main] 2021-08-19 17:44:27 INFO  com.app.CustomerLogin  - Enter your choice
[main] 2021-08-19 17:44:30 INFO  com.app.CustomerLogin  - Showing All Products
[main] 2021-08-19 17:44:30 INFO  com.app.CustomerLogin  - Total there are 1 number of Products you can buy
[main] 2021-08-19 17:44:30 INFO  com.app.CustomerLogin  - Product [ProductId=1, Product Name=tv, ProductType=electronic, ProductPrice=3000.3, ProductQuantity=20, ProductCompany=sony]
[main] 2021-08-19 17:44:30 INFO  com.app.CustomerLogin  - 1. Add to Cart
[main] 2021-08-19 17:44:30 INFO  com.app.CustomerLogin  - 2. Go back
[main] 2021-08-19 17:44:30 INFO  com.app.CustomerLogin  - Enter Choice
[main] 2021-08-19 17:44:33 INFO  com.app.CustomerLogin  - Going Back!!
[main] 2021-08-19 17:44:33 INFO  com.app.CustomerLogin  - 1. View All Products
[main] 2021-08-19 17:44:33 INFO  com.app.CustomerLogin  - 2. View your Cart
[main] 2021-08-19 17:44:33 INFO  com.app.CustomerLogin  - 3. View your Orders
[main] 2021-08-19 17:44:33 INFO  com.app.CustomerLogin  - 4. Log out
[main] 2021-08-19 17:44:33 INFO  com.app.CustomerLogin  - Enter your choice
[main] 2021-08-19 17:44:35 INFO  com.app.CustomerLogin  - Your Cart
[main] 2021-08-19 17:44:35 INFO  com.app.CustomerLogin  - Total there are 1 number of Records in your Cart
[main] 2021-08-19 17:44:35 INFO  com.app.CustomerLogin  - [Cartid= 1, CustomerId= ash999, ProductId= 1]
[main] 2021-08-19 17:44:35 INFO  com.app.CustomerLogin  - 1. View All Products
[main] 2021-08-19 17:44:35 INFO  com.app.CustomerLogin  - 2. View your Cart
[main] 2021-08-19 17:44:35 INFO  com.app.CustomerLogin  - 3. View your Orders
[main] 2021-08-19 17:44:35 INFO  com.app.CustomerLogin  - 4. Log out
[main] 2021-08-19 17:44:35 INFO  com.app.CustomerLogin  - Enter your choice
[main] 2021-08-19 17:55:09 INFO  com.app.CustomerLogin  - 1. Register New Account
[main] 2021-08-19 17:55:09 INFO  com.app.CustomerLogin  - 2. Login
[main] 2021-08-19 17:55:09 INFO  com.app.CustomerLogin  - 3. Exit
[main] 2021-08-19 17:55:09 INFO  com.app.CustomerLogin  - Enter your choice
[main] 2021-08-19 17:55:17 INFO  com.app.CustomerLogin  - Login
[main] 2021-08-19 17:55:17 INFO  com.app.CustomerLogin  - Enter Your ID
[main] 2021-08-19 17:55:19 INFO  com.app.CustomerLogin  - Enter Password
[main] 2021-08-19 17:55:22 INFO  com.app.CustomerLogin  - Login Successful
[main] 2021-08-19 17:55:22 INFO  com.app.CustomerLogin  - 1. View All Products
[main] 2021-08-19 17:55:22 INFO  com.app.CustomerLogin  - 2. View your Cart
[main] 2021-08-19 17:55:22 INFO  com.app.CustomerLogin  - 3. View your Orders
[main] 2021-08-19 17:55:22 INFO  com.app.CustomerLogin  - 4. Log out
[main] 2021-08-19 17:55:22 INFO  com.app.CustomerLogin  - Enter your choice
[main] 2021-08-19 17:55:24 INFO  com.app.CustomerLogin  - Showing All Products
[main] 2021-08-19 17:55:24 INFO  com.app.CustomerLogin  - Total there are 1 number of Products you can buy
[main] 2021-08-19 17:55:24 INFO  com.app.CustomerLogin  - Product [ProductId=1, Product Name=tv, ProductType=electronic, ProductPrice=3000.3, ProductQuantity=20, ProductCompany=sony]
[main] 2021-08-19 17:55:24 INFO  com.app.CustomerLogin  - 1. Add to Cart
[main] 2021-08-19 17:55:24 INFO  com.app.CustomerLogin  - 2. Go back
[main] 2021-08-19 17:55:24 INFO  com.app.CustomerLogin  - Enter Choice
[main] 2021-08-19 17:55:33 INFO  com.app.CustomerLogin  - Going Back!!
[main] 2021-08-19 17:55:33 INFO  com.app.CustomerLogin  - 1. View All Products
[main] 2021-08-19 17:55:33 INFO  com.app.CustomerLogin  - 2. View your Cart
[main] 2021-08-19 17:55:33 INFO  com.app.CustomerLogin  - 3. View your Orders
[main] 2021-08-19 17:55:33 INFO  com.app.CustomerLogin  - 4. Log out
[main] 2021-08-19 17:55:33 INFO  com.app.CustomerLogin  - Enter your choice
[main] 2021-08-19 17:55:35 INFO  com.app.CustomerLogin  - Your Cart
[main] 2021-08-19 17:55:35 INFO  com.app.CustomerLogin  - Total there are 1 number of Records in your Cart
[main] 2021-08-19 17:55:35 INFO  com.app.CustomerLogin  - [Cartid= 1, CustomerId= ash999, ProductId= 1, ProductPrice3000.3, ProductNametv, ProductTypeelectronic, ProductCompanysony]
[main] 2021-08-19 17:55:35 INFO  com.app.CustomerLogin  - 1. View All Products
[main] 2021-08-19 17:55:35 INFO  com.app.CustomerLogin  - 2. View your Cart
[main] 2021-08-19 17:55:35 INFO  com.app.CustomerLogin  - 3. View your Orders
[main] 2021-08-19 17:55:35 INFO  com.app.CustomerLogin  - 4. Log out
[main] 2021-08-19 17:55:35 INFO  com.app.CustomerLogin  - Enter your choice
[main] 2021-08-19 17:55:41 INFO  com.app.CustomerLogin  - Going back to Main Menu
[main] 2021-08-19 17:55:43 INFO  com.app.CustomerLogin  - 1. Register New Account
[main] 2021-08-19 17:55:43 INFO  com.app.CustomerLogin  - 2. Login
[main] 2021-08-19 17:55:43 INFO  com.app.CustomerLogin  - 3. Exit
[main] 2021-08-19 17:55:43 INFO  com.app.CustomerLogin  - Enter your choice
[main] 2021-08-19 17:55:44 INFO  com.app.CustomerLogin  - Exiting!!
[main] 2021-08-19 19:39:06 INFO  com.app.CustomerLogin  - 1. Register New Account
[main] 2021-08-19 19:39:06 INFO  com.app.CustomerLogin  - 2. Login
[main] 2021-08-19 19:39:06 INFO  com.app.CustomerLogin  - 3. Exit
[main] 2021-08-19 19:39:06 INFO  com.app.CustomerLogin  - Enter your choice
[main] 2021-08-19 19:39:13 INFO  com.app.CustomerLogin  - Login
[main] 2021-08-19 19:39:13 INFO  com.app.CustomerLogin  - Enter Your ID
[main] 2021-08-19 19:39:14 INFO  com.app.CustomerLogin  - Enter Password
[main] 2021-08-19 19:39:22 INFO  com.app.CustomerLogin  - Login Successful
[main] 2021-08-19 19:39:22 INFO  com.app.CustomerLogin  - 1. View All Products
[main] 2021-08-19 19:39:22 INFO  com.app.CustomerLogin  - 2. View your Cart
[main] 2021-08-19 19:39:22 INFO  com.app.CustomerLogin  - 3. View your Orders
[main] 2021-08-19 19:39:22 INFO  com.app.CustomerLogin  - 4. Log out
[main] 2021-08-19 19:39:22 INFO  com.app.CustomerLogin  - Enter your choice
[main] 2021-08-19 19:39:24 INFO  com.app.CustomerLogin  - Showing All Products
[main] 2021-08-19 19:39:24 INFO  com.app.CustomerLogin  - Total there are 1 number of Products you can buy
[main] 2021-08-19 19:39:24 INFO  com.app.CustomerLogin  - Product [ProductId=1, Product Name=tv, ProductType=electronic, ProductPrice=3000.3, ProductQuantity=20, ProductCompany=sony]
[main] 2021-08-19 19:39:24 INFO  com.app.CustomerLogin  - 1. Add to Cart
[main] 2021-08-19 19:39:24 INFO  com.app.CustomerLogin  - 2. Go back
[main] 2021-08-19 19:39:24 INFO  com.app.CustomerLogin  - Enter Choice
[main] 2021-08-19 19:39:30 INFO  com.app.CustomerLogin  - Going Back!!
[main] 2021-08-19 19:39:30 INFO  com.app.CustomerLogin  - 1. View All Products
[main] 2021-08-19 19:39:30 INFO  com.app.CustomerLogin  - 2. View your Cart
[main] 2021-08-19 19:39:30 INFO  com.app.CustomerLogin  - 3. View your Orders
[main] 2021-08-19 19:39:30 INFO  com.app.CustomerLogin  - 4. Log out
[main] 2021-08-19 19:39:30 INFO  com.app.CustomerLogin  - Enter your choice
[main] 2021-08-19 19:39:32 INFO  com.app.CustomerLogin  - Your Cart
[main] 2021-08-19 19:39:32 ERROR com.app.dao.impl.CustomerDAOimpl  - java.sql.SQLException: Before start of result set
[main] 2021-08-19 19:39:32 WARN  com.app.CustomerLogin  - Internal error occured contact sysadmin
[main] 2021-08-19 19:39:32 INFO  com.app.CustomerLogin  - 1. View All Products
[main] 2021-08-19 19:39:32 INFO  com.app.CustomerLogin  - 2. View your Cart
[main] 2021-08-19 19:39:32 INFO  com.app.CustomerLogin  - 3. View your Orders
[main] 2021-08-19 19:39:32 INFO  com.app.CustomerLogin  - 4. Log out
[main] 2021-08-19 19:39:32 INFO  com.app.CustomerLogin  - Enter your choice
[main] 2021-08-19 19:47:28 INFO  com.app.CustomerLogin  - 1. Register New Account
[main] 2021-08-19 19:47:28 INFO  com.app.CustomerLogin  - 2. Login
[main] 2021-08-19 19:47:28 INFO  com.app.CustomerLogin  - 3. Exit
[main] 2021-08-19 19:47:28 INFO  com.app.CustomerLogin  - Enter your choice
[main] 2021-08-19 19:47:34 INFO  com.app.CustomerLogin  - Login
[main] 2021-08-19 19:47:34 INFO  com.app.CustomerLogin  - Enter Your ID
[main] 2021-08-19 19:47:36 INFO  com.app.CustomerLogin  - Enter Password
[main] 2021-08-19 19:47:40 INFO  com.app.CustomerLogin  - Login Successful
[main] 2021-08-19 19:47:40 INFO  com.app.CustomerLogin  - 1. View All Products
[main] 2021-08-19 19:47:40 INFO  com.app.CustomerLogin  - 2. View your Cart
[main] 2021-08-19 19:47:40 INFO  com.app.CustomerLogin  - 3. View your Orders
[main] 2021-08-19 19:47:40 INFO  com.app.CustomerLogin  - 4. Log out
[main] 2021-08-19 19:47:40 INFO  com.app.CustomerLogin  - Enter your choice
[main] 2021-08-19 19:47:42 INFO  com.app.CustomerLogin  - Your Cart
[main] 2021-08-19 19:47:42 INFO  com.app.CustomerLogin  - Total there are 1 number of Records in your Cart
[main] 2021-08-19 19:47:42 INFO  com.app.CustomerLogin  - [Cartid= 1, CustomerId= ash999, ProductId= 1, ProductPrice= 3000.3, ProductName= tv, ProductType= electronic, ProductCompany= sony]
[main] 2021-08-19 19:47:42 ERROR com.app.dao.impl.CustomerDAOimpl  - java.sql.SQLException: Before start of result set
[main] 2021-08-19 19:47:42 WARN  com.app.CustomerLogin  - Internal error occured contact sysadmin
[main] 2021-08-19 19:47:42 INFO  com.app.CustomerLogin  - 1. View All Products
[main] 2021-08-19 19:47:42 INFO  com.app.CustomerLogin  - 2. View your Cart
[main] 2021-08-19 19:47:42 INFO  com.app.CustomerLogin  - 3. View your Orders
[main] 2021-08-19 19:47:42 INFO  com.app.CustomerLogin  - 4. Log out
[main] 2021-08-19 19:47:42 INFO  com.app.CustomerLogin  - Enter your choice
[main] 2021-08-19 19:48:42 INFO  com.app.CustomerLogin  - 1. Register New Account
[main] 2021-08-19 19:48:42 INFO  com.app.CustomerLogin  - 2. Login
[main] 2021-08-19 19:48:42 INFO  com.app.CustomerLogin  - 3. Exit
[main] 2021-08-19 19:48:42 INFO  com.app.CustomerLogin  - Enter your choice
[main] 2021-08-19 19:48:49 INFO  com.app.CustomerLogin  - Login
[main] 2021-08-19 19:48:49 INFO  com.app.CustomerLogin  - Enter Your ID
[main] 2021-08-19 19:48:50 INFO  com.app.CustomerLogin  - Enter Password
[main] 2021-08-19 19:48:54 INFO  com.app.CustomerLogin  - Login Successful
[main] 2021-08-19 19:48:54 INFO  com.app.CustomerLogin  - 1. View All Products
[main] 2021-08-19 19:48:54 INFO  com.app.CustomerLogin  - 2. View your Cart
[main] 2021-08-19 19:48:54 INFO  com.app.CustomerLogin  - 3. View your Orders
[main] 2021-08-19 19:48:54 INFO  com.app.CustomerLogin  - 4. Log out
[main] 2021-08-19 19:48:54 INFO  com.app.CustomerLogin  - Enter your choice
[main] 2021-08-19 19:48:55 INFO  com.app.CustomerLogin  - Your Cart
[main] 2021-08-19 19:48:55 INFO  com.app.CustomerLogin  - Total there are 1 number of Records in your Cart
[main] 2021-08-19 19:48:55 INFO  com.app.CustomerLogin  - [Cartid= 1, CustomerId= ash999, ProductId= 1, ProductPrice= 3000.3, ProductName= tv, ProductType= electronic, ProductCompany= sony]
[main] 2021-08-19 19:48:55 INFO  com.app.CustomerLogin  - Your Cart Total: 3000.3
[main] 2021-08-19 19:48:55 INFO  com.app.CustomerLogin  - 1. View All Products
[main] 2021-08-19 19:48:55 INFO  com.app.CustomerLogin  - 2. View your Cart
[main] 2021-08-19 19:48:55 INFO  com.app.CustomerLogin  - 3. View your Orders
[main] 2021-08-19 19:48:55 INFO  com.app.CustomerLogin  - 4. Log out
[main] 2021-08-19 19:48:55 INFO  com.app.CustomerLogin  - Enter your choice
[main] 2021-08-19 19:49:06 INFO  com.app.CustomerLogin  - Showing All Products
[main] 2021-08-19 19:49:06 INFO  com.app.CustomerLogin  - Total there are 1 number of Products you can buy
[main] 2021-08-19 19:49:06 INFO  com.app.CustomerLogin  - Product [ProductId=1, Product Name=tv, ProductType=electronic, ProductPrice=3000.3, ProductQuantity=20, ProductCompany=sony]
[main] 2021-08-19 19:49:06 INFO  com.app.CustomerLogin  - 1. Add to Cart
[main] 2021-08-19 19:49:06 INFO  com.app.CustomerLogin  - 2. Go back
[main] 2021-08-19 19:49:06 INFO  com.app.CustomerLogin  - Enter Choice
[main] 2021-08-19 19:49:12 INFO  com.app.CustomerLogin  - Going Back!!
[main] 2021-08-19 19:49:12 INFO  com.app.CustomerLogin  - 1. View All Products
[main] 2021-08-19 19:49:12 INFO  com.app.CustomerLogin  - 2. View your Cart
[main] 2021-08-19 19:49:12 INFO  com.app.CustomerLogin  - 3. View your Orders
[main] 2021-08-19 19:49:12 INFO  com.app.CustomerLogin  - 4. Log out
[main] 2021-08-19 19:49:12 INFO  com.app.CustomerLogin  - Enter your choice
[main] 2021-08-19 19:49:13 INFO  com.app.CustomerLogin  - Going back to Main Menu
[main] 2021-08-19 19:49:15 INFO  com.app.CustomerLogin  - 1. Register New Account
[main] 2021-08-19 19:49:15 INFO  com.app.CustomerLogin  - 2. Login
[main] 2021-08-19 19:49:15 INFO  com.app.CustomerLogin  - 3. Exit
[main] 2021-08-19 19:49:15 INFO  com.app.CustomerLogin  - Enter your choice
[main] 2021-08-19 19:49:16 INFO  com.app.CustomerLogin  - Exiting!!
[main] 2021-08-19 20:42:54 INFO  com.app.CustomerLogin  - 
1. Register New Account
[main] 2021-08-19 20:42:54 INFO  com.app.CustomerLogin  - 2. Login
[main] 2021-08-19 20:42:54 INFO  com.app.CustomerLogin  - 3. Exit
[main] 2021-08-19 20:42:54 INFO  com.app.CustomerLogin  - Enter your choice
[main] 2021-08-19 20:43:01 INFO  com.app.CustomerLogin  - Login
[main] 2021-08-19 20:43:01 INFO  com.app.CustomerLogin  - Enter Your ID
[main] 2021-08-19 20:43:03 INFO  com.app.CustomerLogin  - Enter Password
[main] 2021-08-19 20:43:07 INFO  com.app.CustomerLogin  - Login Successful
[main] 2021-08-19 20:43:07 INFO  com.app.CustomerLogin  - 
1. View All Products
[main] 2021-08-19 20:43:07 INFO  com.app.CustomerLogin  - 2. View your Cart
[main] 2021-08-19 20:43:07 INFO  com.app.CustomerLogin  - 3. View your Orders
[main] 2021-08-19 20:43:07 INFO  com.app.CustomerLogin  - 4. Log out
[main] 2021-08-19 20:43:07 INFO  com.app.CustomerLogin  - Enter your choice
[main] 2021-08-19 20:43:09 INFO  com.app.CustomerLogin  - Showing All Products
[main] 2021-08-19 20:43:10 INFO  com.app.CustomerLogin  - Total there are 1 number of Products you can buy
[main] 2021-08-19 20:43:10 INFO  com.app.CustomerLogin  - Product [ProductId=1, Product Name=tv, ProductType=electronic, ProductPrice=3000.3, ProductQuantity=20, ProductCompany=sony]
[main] 2021-08-19 20:43:10 INFO  com.app.CustomerLogin  - 1. Add to Cart
[main] 2021-08-19 20:43:10 INFO  com.app.CustomerLogin  - 2. Go back
[main] 2021-08-19 20:43:10 INFO  com.app.CustomerLogin  - Enter Choice
[main] 2021-08-19 20:43:13 INFO  com.app.CustomerLogin  - Going Back!!
[main] 2021-08-19 20:43:13 INFO  com.app.CustomerLogin  - 
1. View All Products
[main] 2021-08-19 20:43:13 INFO  com.app.CustomerLogin  - 2. View your Cart
[main] 2021-08-19 20:43:13 INFO  com.app.CustomerLogin  - 3. View your Orders
[main] 2021-08-19 20:43:13 INFO  com.app.CustomerLogin  - 4. Log out
[main] 2021-08-19 20:43:13 INFO  com.app.CustomerLogin  - Enter your choice
[main] 2021-08-19 20:43:20 INFO  com.app.CustomerLogin  - Your Cart
[main] 2021-08-19 20:43:20 INFO  com.app.CustomerLogin  - Total there are 1 number of Records in your Cart
[main] 2021-08-19 20:43:20 INFO  com.app.CustomerLogin  - [Cartid= 1, CustomerId= ash999, ProductId= 1, ProductPrice= 3000.3, ProductName= tv, ProductType= electronic, ProductCompany= sony]
[main] 2021-08-19 20:43:20 INFO  com.app.CustomerLogin  - Your Cart Total: 3000.3
[main] 2021-08-19 20:43:20 INFO  com.app.CustomerLogin  - 
1. View All Products
[main] 2021-08-19 20:43:20 INFO  com.app.CustomerLogin  - 2. View your Cart
[main] 2021-08-19 20:43:20 INFO  com.app.CustomerLogin  - 3. View your Orders
[main] 2021-08-19 20:43:20 INFO  com.app.CustomerLogin  - 4. Log out
[main] 2021-08-19 20:43:20 INFO  com.app.CustomerLogin  - Enter your choice
[main] 2021-08-19 20:43:24 INFO  com.app.CustomerLogin  - Your Orders
[main] 2021-08-19 20:43:24 INFO  com.app.CustomerLogin  - Total there are 1 number of your Orders
[main] 2021-08-19 20:43:24 INFO  com.app.CustomerLogin  - Orders [orderid=1, productid=1, productname=tv, customerid=ash999, total=33.3, customerstatus=Not Received, sellerstatus=Not Shipped]
[main] 2021-08-19 20:43:24 INFO  com.app.CustomerLogin  - Your Orders Total: 33.3
[main] 2021-08-19 20:43:24 INFO  com.app.CustomerLogin  - 1. Mark Multiple Orders as Received
[main] 2021-08-19 20:43:24 INFO  com.app.CustomerLogin  - 2. Go back
[main] 2021-08-19 20:43:24 INFO  com.app.CustomerLogin  - Enter Choice
[main] 2021-08-19 20:43:34 INFO  com.app.CustomerLogin  - Going Back!!
[main] 2021-08-19 20:43:34 INFO  com.app.CustomerLogin  - 
1. View All Products
[main] 2021-08-19 20:43:34 INFO  com.app.CustomerLogin  - 2. View your Cart
[main] 2021-08-19 20:43:34 INFO  com.app.CustomerLogin  - 3. View your Orders
[main] 2021-08-19 20:43:34 INFO  com.app.CustomerLogin  - 4. Log out
[main] 2021-08-19 20:43:34 INFO  com.app.CustomerLogin  - Enter your choice
[main] 2021-08-19 20:43:36 INFO  com.app.CustomerLogin  - Your Orders
[main] 2021-08-19 20:43:36 INFO  com.app.CustomerLogin  - Total there are 1 number of your Orders
[main] 2021-08-19 20:43:36 INFO  com.app.CustomerLogin  - Orders [orderid=1, productid=1, productname=tv, customerid=ash999, total=33.3, customerstatus=Not Received, sellerstatus=Not Shipped]
[main] 2021-08-19 20:43:36 INFO  com.app.CustomerLogin  - Your Orders Total: 33.3
[main] 2021-08-19 20:43:36 INFO  com.app.CustomerLogin  - 1. Mark Multiple Orders as Received
[main] 2021-08-19 20:43:36 INFO  com.app.CustomerLogin  - 2. Go back
[main] 2021-08-19 20:43:36 INFO  com.app.CustomerLogin  - Enter Choice
[main] 2021-08-19 20:43:39 INFO  com.app.CustomerLogin  - Keep Entering OrderId of all Products you want to update as Recieved
[main] 2021-08-19 20:43:39 INFO  com.app.CustomerLogin  - Enter 0 when finished
[main] 2021-08-19 20:43:39 INFO  com.app.CustomerLogin  - Enter here:
[main] 2021-08-19 20:43:46 INFO  com.app.CustomerLogin  - Successfully Updates as Recieved
[main] 2021-08-19 20:43:46 INFO  com.app.CustomerLogin  - 
1. View All Products
[main] 2021-08-19 20:43:46 INFO  com.app.CustomerLogin  - 2. View your Cart
[main] 2021-08-19 20:43:46 INFO  com.app.CustomerLogin  - 3. View your Orders
[main] 2021-08-19 20:43:46 INFO  com.app.CustomerLogin  - 4. Log out
[main] 2021-08-19 20:43:46 INFO  com.app.CustomerLogin  - Enter your choice
[main] 2021-08-19 20:43:50 INFO  com.app.CustomerLogin  - Your Orders
[main] 2021-08-19 20:43:50 INFO  com.app.CustomerLogin  - Total there are 1 number of your Orders
[main] 2021-08-19 20:43:50 INFO  com.app.CustomerLogin  - Orders [orderid=1, productid=1, productname=tv, customerid=ash999, total=33.3, customerstatus=Recieved, sellerstatus=Not Shipped]
[main] 2021-08-19 20:43:50 INFO  com.app.CustomerLogin  - Your Orders Total: 33.3
[main] 2021-08-19 20:43:50 INFO  com.app.CustomerLogin  - 1. Mark Multiple Orders as Received
[main] 2021-08-19 20:43:50 INFO  com.app.CustomerLogin  - 2. Go back
[main] 2021-08-19 20:43:50 INFO  com.app.CustomerLogin  - Enter Choice
[main] 2021-08-19 20:43:53 INFO  com.app.CustomerLogin  - Going Back!!
[main] 2021-08-19 20:43:53 INFO  com.app.CustomerLogin  - 
1. View All Products
[main] 2021-08-19 20:43:53 INFO  com.app.CustomerLogin  - 2. View your Cart
[main] 2021-08-19 20:43:53 INFO  com.app.CustomerLogin  - 3. View your Orders
[main] 2021-08-19 20:43:53 INFO  com.app.CustomerLogin  - 4. Log out
[main] 2021-08-19 20:43:53 INFO  com.app.CustomerLogin  - Enter your choice
[main] 2021-08-19 20:43:55 INFO  com.app.CustomerLogin  - Going back to Main Menu
[main] 2021-08-19 20:43:57 INFO  com.app.CustomerLogin  - 
1. Register New Account
[main] 2021-08-19 20:43:57 INFO  com.app.CustomerLogin  - 2. Login
[main] 2021-08-19 20:43:57 INFO  com.app.CustomerLogin  - 3. Exit
[main] 2021-08-19 20:43:57 INFO  com.app.CustomerLogin  - Enter your choice
[main] 2021-08-19 20:43:58 INFO  com.app.CustomerLogin  - Exiting!!
[main] 2021-08-19 20:56:57 INFO  com.app.EmployeeLogin  - 1.Login
[main] 2021-08-19 20:56:57 INFO  com.app.EmployeeLogin  - 2.Exit
[main] 2021-08-19 20:57:07 INFO  com.app.EmployeeLogin  - 
Employee Login Successful
[main] 2021-08-19 20:57:07 INFO  com.app.EmployeeLogin  - 1. View Customers Details
[main] 2021-08-19 20:57:07 INFO  com.app.EmployeeLogin  - 2. Add a new Product
[main] 2021-08-19 20:57:07 INFO  com.app.EmployeeLogin  - 3. Mark Order as Shipped
[main] 2021-08-19 20:57:07 INFO  com.app.EmployeeLogin  - 4. Modify Quantity of Existing Products
[main] 2021-08-19 20:57:07 INFO  com.app.EmployeeLogin  - 5. Delete Existing Product
[main] 2021-08-19 20:57:07 INFO  com.app.EmployeeLogin  - 6. Logout
[main] 2021-08-19 20:57:17 INFO  com.app.EmployeeLogin  - Showing Customer Details
[main] 2021-08-19 20:57:18 INFO  com.app.EmployeeLogin  - Total there are 2 number of Customers
[main] 2021-08-19 20:57:18 INFO  com.app.EmployeeLogin  - Customer [CustomerId=ash999, Password=ash999, FirstName=Ash, LastName=Benson, Email=ash123@gmail.com, gender=M, Address=B32 Bleecker Street, New York, ContactNo=9879879871]
[main] 2021-08-19 20:57:18 INFO  com.app.EmployeeLogin  - Customer [CustomerId=ksh999, Password=ksh999, FirstName=ksh, LastName=singh, Email=ksh@gmail.com, gender=M, Address=l-771, new york, usa, ContactNo=8989898901]
[main] 2021-08-19 20:57:18 INFO  com.app.EmployeeLogin  - 
Employee Login Successful
[main] 2021-08-19 20:57:18 INFO  com.app.EmployeeLogin  - 1. View Customers Details
[main] 2021-08-19 20:57:18 INFO  com.app.EmployeeLogin  - 2. Add a new Product
[main] 2021-08-19 20:57:18 INFO  com.app.EmployeeLogin  - 3. Mark Order as Shipped
[main] 2021-08-19 20:57:18 INFO  com.app.EmployeeLogin  - 4. Modify Quantity of Existing Products
[main] 2021-08-19 20:57:18 INFO  com.app.EmployeeLogin  - 5. Delete Existing Product
[main] 2021-08-19 20:57:18 INFO  com.app.EmployeeLogin  - 6. Logout
[main] 2021-08-19 20:57:25 INFO  com.app.EmployeeLogin  - Mark Order as Shipped
[main] 2021-08-19 20:57:25 INFO  com.app.EmployeeLogin  - Total there are 1 number of All Orders
[main] 2021-08-19 20:57:25 INFO  com.app.EmployeeLogin  - Orders [orderid=1, productid=1, productname=tv, customerid=ash999, total=33.3, customerstatus=Recieved, sellerstatus=Not Shipped]
[main] 2021-08-19 20:57:25 INFO  com.app.EmployeeLogin  - 1. Mark Multiple Orders as Shipped
[main] 2021-08-19 20:57:25 INFO  com.app.EmployeeLogin  - 2. Go back
[main] 2021-08-19 20:57:25 INFO  com.app.EmployeeLogin  - Enter Choice
[main] 2021-08-19 20:57:28 INFO  com.app.EmployeeLogin  - Keep Entering OrderId of all Products you want to update as Recieved
[main] 2021-08-19 20:57:28 INFO  com.app.EmployeeLogin  - Enter 0 when finished
[main] 2021-08-19 20:57:28 INFO  com.app.EmployeeLogin  - Enter here:
[main] 2021-08-19 20:57:35 INFO  com.app.EmployeeLogin  - Not even a single Orders updated as shipped
[main] 2021-08-19 20:57:35 INFO  com.app.EmployeeLogin  - 
Employee Login Successful
[main] 2021-08-19 20:57:35 INFO  com.app.EmployeeLogin  - 1. View Customers Details
[main] 2021-08-19 20:57:35 INFO  com.app.EmployeeLogin  - 2. Add a new Product
[main] 2021-08-19 20:57:35 INFO  com.app.EmployeeLogin  - 3. Mark Order as Shipped
[main] 2021-08-19 20:57:35 INFO  com.app.EmployeeLogin  - 4. Modify Quantity of Existing Products
[main] 2021-08-19 20:57:35 INFO  com.app.EmployeeLogin  - 5. Delete Existing Product
[main] 2021-08-19 20:57:35 INFO  com.app.EmployeeLogin  - 6. Logout
[main] 2021-08-19 20:58:56 INFO  com.app.EmployeeLogin  - 1.Login
[main] 2021-08-19 20:58:56 INFO  com.app.EmployeeLogin  - 2.Exit
[main] 2021-08-19 20:59:06 INFO  com.app.EmployeeLogin  - 
Employee Login Successful
[main] 2021-08-19 20:59:06 INFO  com.app.EmployeeLogin  - 1. View Customers Details
[main] 2021-08-19 20:59:06 INFO  com.app.EmployeeLogin  - 2. Add a new Product
[main] 2021-08-19 20:59:06 INFO  com.app.EmployeeLogin  - 3. Mark Order as Shipped
[main] 2021-08-19 20:59:06 INFO  com.app.EmployeeLogin  - 4. Modify Quantity of Existing Products
[main] 2021-08-19 20:59:06 INFO  com.app.EmployeeLogin  - 5. Delete Existing Product
[main] 2021-08-19 20:59:06 INFO  com.app.EmployeeLogin  - 6. Logout
[main] 2021-08-19 20:59:08 INFO  com.app.EmployeeLogin  - Showing Customer Details
[main] 2021-08-19 20:59:09 INFO  com.app.EmployeeLogin  - Total there are 2 number of Customers
[main] 2021-08-19 20:59:09 INFO  com.app.EmployeeLogin  - Customer [CustomerId=ash999, Password=ash999, FirstName=Ash, LastName=Benson, Email=ash123@gmail.com, gender=M, Address=B32 Bleecker Street, New York, ContactNo=9879879871]
[main] 2021-08-19 20:59:09 INFO  com.app.EmployeeLogin  - Customer [CustomerId=ksh999, Password=ksh999, FirstName=ksh, LastName=singh, Email=ksh@gmail.com, gender=M, Address=l-771, new york, usa, ContactNo=8989898901]
[main] 2021-08-19 20:59:09 INFO  com.app.EmployeeLogin  - 
Employee Login Successful
[main] 2021-08-19 20:59:09 INFO  com.app.EmployeeLogin  - 1. View Customers Details
[main] 2021-08-19 20:59:09 INFO  com.app.EmployeeLogin  - 2. Add a new Product
[main] 2021-08-19 20:59:09 INFO  com.app.EmployeeLogin  - 3. Mark Order as Shipped
[main] 2021-08-19 20:59:09 INFO  com.app.EmployeeLogin  - 4. Modify Quantity of Existing Products
[main] 2021-08-19 20:59:09 INFO  com.app.EmployeeLogin  - 5. Delete Existing Product
[main] 2021-08-19 20:59:09 INFO  com.app.EmployeeLogin  - 6. Logout
[main] 2021-08-19 20:59:14 INFO  com.app.EmployeeLogin  - Mark Order as Shipped
[main] 2021-08-19 20:59:14 INFO  com.app.EmployeeLogin  - Total there are 1 number of All Orders
[main] 2021-08-19 20:59:14 INFO  com.app.EmployeeLogin  - Orders [orderid=1, productid=1, productname=tv, customerid=ash999, total=33.3, customerstatus=Recieved, sellerstatus=Not Shipped]
[main] 2021-08-19 20:59:14 INFO  com.app.EmployeeLogin  - 1. Mark Multiple Orders as Shipped
[main] 2021-08-19 20:59:14 INFO  com.app.EmployeeLogin  - 2. Go back
[main] 2021-08-19 20:59:14 INFO  com.app.EmployeeLogin  - Enter Choice
[main] 2021-08-19 20:59:17 INFO  com.app.EmployeeLogin  - Keep Entering OrderId of all Products you want to update as Recieved
[main] 2021-08-19 20:59:17 INFO  com.app.EmployeeLogin  - Enter 0 when finished
[main] 2021-08-19 20:59:17 INFO  com.app.EmployeeLogin  - Enter here:
[main] 2021-08-19 20:59:24 INFO  com.app.EmployeeLogin  - Successfully Updates as Shippped
[main] 2021-08-19 20:59:24 INFO  com.app.EmployeeLogin  - 
Employee Login Successful
[main] 2021-08-19 20:59:24 INFO  com.app.EmployeeLogin  - 1. View Customers Details
[main] 2021-08-19 20:59:24 INFO  com.app.EmployeeLogin  - 2. Add a new Product
[main] 2021-08-19 20:59:24 INFO  com.app.EmployeeLogin  - 3. Mark Order as Shipped
[main] 2021-08-19 20:59:24 INFO  com.app.EmployeeLogin  - 4. Modify Quantity of Existing Products
[main] 2021-08-19 20:59:24 INFO  com.app.EmployeeLogin  - 5. Delete Existing Product
[main] 2021-08-19 20:59:24 INFO  com.app.EmployeeLogin  - 6. Logout
[main] 2021-08-19 20:59:32 INFO  com.app.EmployeeLogin  - Logging out
[main] 2021-08-19 21:36:09 INFO  com.app.CustomerLogin  - 
1. Register New Account
[main] 2021-08-19 21:36:09 INFO  com.app.CustomerLogin  - 2. Login
[main] 2021-08-19 21:36:09 INFO  com.app.CustomerLogin  - 3. Exit
[main] 2021-08-19 21:36:09 INFO  com.app.CustomerLogin  - Enter your choice
[main] 2021-08-19 21:36:18 INFO  com.app.CustomerLogin  - Login
[main] 2021-08-19 21:36:18 INFO  com.app.CustomerLogin  - Enter Your ID
[main] 2021-08-19 21:36:21 INFO  com.app.CustomerLogin  - Enter Password
[main] 2021-08-19 21:36:41 INFO  com.app.CustomerLogin  - Login Successful
[main] 2021-08-19 21:36:41 INFO  com.app.CustomerLogin  - 
1. View All Products
[main] 2021-08-19 21:36:41 INFO  com.app.CustomerLogin  - 2. View your Cart
[main] 2021-08-19 21:36:41 INFO  com.app.CustomerLogin  - 3. View your Orders
[main] 2021-08-19 21:36:41 INFO  com.app.CustomerLogin  - 4. Log out
[main] 2021-08-19 21:36:41 INFO  com.app.CustomerLogin  - Enter your choice
[main] 2021-08-19 21:36:47 INFO  com.app.CustomerLogin  - Your Orders
[main] 2021-08-19 21:36:47 INFO  com.app.CustomerLogin  - Total there are 1 number of your Orders
[main] 2021-08-19 21:36:47 INFO  com.app.CustomerLogin  - Orders [orderid=1, productid=1, productname=tv, customerid=ash999, total=33.3, customerstatus=Recieved, sellerstatus=Shipped]
[main] 2021-08-19 21:36:47 INFO  com.app.CustomerLogin  - Your Orders Total: 33.3
[main] 2021-08-19 21:36:47 INFO  com.app.CustomerLogin  - 1. Mark Multiple Orders as Received
[main] 2021-08-19 21:36:47 INFO  com.app.CustomerLogin  - 2. Go back
[main] 2021-08-19 21:36:47 INFO  com.app.CustomerLogin  - Enter Choice
[main] 2021-08-19 21:36:52 INFO  com.app.CustomerLogin  - Going Back!!
[main] 2021-08-19 21:36:52 INFO  com.app.CustomerLogin  - 
1. View All Products
[main] 2021-08-19 21:36:52 INFO  com.app.CustomerLogin  - 2. View your Cart
[main] 2021-08-19 21:36:52 INFO  com.app.CustomerLogin  - 3. View your Orders
[main] 2021-08-19 21:36:52 INFO  com.app.CustomerLogin  - 4. Log out
[main] 2021-08-19 21:36:52 INFO  com.app.CustomerLogin  - Enter your choice
[main] 2021-08-19 21:36:54 INFO  com.app.CustomerLogin  - Your Cart
[main] 2021-08-19 21:36:54 INFO  com.app.CustomerLogin  - Total there are 1 number of Records in your Cart
[main] 2021-08-19 21:36:54 INFO  com.app.CustomerLogin  - [Cartid= 1, CustomerId= ash999, ProductId= 1, ProductPrice= 3000.3, ProductName= tv, ProductType= electronic, ProductCompany= sony]
[main] 2021-08-19 21:36:54 INFO  com.app.CustomerLogin  - Your Cart Total: 3000.3
[main] 2021-08-19 21:36:54 INFO  com.app.CustomerLogin  - 1. Place Order on Cart items
[main] 2021-08-19 21:36:54 INFO  com.app.CustomerLogin  - 2. Go back
[main] 2021-08-19 21:36:54 INFO  com.app.CustomerLogin  - Enter Choice
[main] 2021-08-19 21:36:58 INFO  com.app.CustomerLogin  - Keep Entering CartId of all CartItems you want to place Order for
[main] 2021-08-19 21:36:58 INFO  com.app.CustomerLogin  - Enter 0 when finished
[main] 2021-08-19 21:36:58 INFO  com.app.CustomerLogin  - Enter here:
[main] 2021-08-19 21:37:02 INFO  com.app.CustomerLogin  - Successfully placed Order upon
[main] 2021-08-19 21:37:02 INFO  com.app.CustomerLogin  - 
1. View All Products
[main] 2021-08-19 21:37:02 INFO  com.app.CustomerLogin  - 2. View your Cart
[main] 2021-08-19 21:37:02 INFO  com.app.CustomerLogin  - 3. View your Orders
[main] 2021-08-19 21:37:02 INFO  com.app.CustomerLogin  - 4. Log out
[main] 2021-08-19 21:37:02 INFO  com.app.CustomerLogin  - Enter your choice
[main] 2021-08-19 21:37:06 INFO  com.app.CustomerLogin  - Your Orders
[main] 2021-08-19 21:37:06 INFO  com.app.CustomerLogin  - Total there are 2 number of your Orders
[main] 2021-08-19 21:37:06 INFO  com.app.CustomerLogin  - Orders [orderid=1, productid=1, productname=tv, customerid=ash999, total=33.3, customerstatus=Recieved, sellerstatus=Shipped]
[main] 2021-08-19 21:37:06 INFO  com.app.CustomerLogin  - Orders [orderid=2, productid=1, productname=tv, customerid=ash999, total=3000.3, customerstatus=Not Received, sellerstatus=Not Shipped]
[main] 2021-08-19 21:37:06 INFO  com.app.CustomerLogin  - Your Orders Total: 3033.6
[main] 2021-08-19 21:37:06 INFO  com.app.CustomerLogin  - 1. Mark Multiple Orders as Received
[main] 2021-08-19 21:37:06 INFO  com.app.CustomerLogin  - 2. Go back
[main] 2021-08-19 21:37:06 INFO  com.app.CustomerLogin  - Enter Choice
[main] 2021-08-19 21:37:13 INFO  com.app.CustomerLogin  - Keep Entering OrderId of all Products you want to update as Recieved
[main] 2021-08-19 21:37:13 INFO  com.app.CustomerLogin  - Enter 0 when finished
[main] 2021-08-19 21:37:13 INFO  com.app.CustomerLogin  - Enter here:
[main] 2021-08-19 21:37:16 INFO  com.app.CustomerLogin  - Successfully Updates as Recieved
[main] 2021-08-19 21:37:16 INFO  com.app.CustomerLogin  - 
1. View All Products
[main] 2021-08-19 21:37:16 INFO  com.app.CustomerLogin  - 2. View your Cart
[main] 2021-08-19 21:37:16 INFO  com.app.CustomerLogin  - 3. View your Orders
[main] 2021-08-19 21:37:16 INFO  com.app.CustomerLogin  - 4. Log out
[main] 2021-08-19 21:37:16 INFO  com.app.CustomerLogin  - Enter your choice
[main] 2021-08-19 21:37:19 INFO  com.app.CustomerLogin  - Your Orders
[main] 2021-08-19 21:37:19 INFO  com.app.CustomerLogin  - Total there are 2 number of your Orders
[main] 2021-08-19 21:37:19 INFO  com.app.CustomerLogin  - Orders [orderid=1, productid=1, productname=tv, customerid=ash999, total=33.3, customerstatus=Recieved, sellerstatus=Shipped]
[main] 2021-08-19 21:37:19 INFO  com.app.CustomerLogin  - Orders [orderid=2, productid=1, productname=tv, customerid=ash999, total=3000.3, customerstatus=Recieved, sellerstatus=Not Shipped]
[main] 2021-08-19 21:37:19 INFO  com.app.CustomerLogin  - Your Orders Total: 3033.6
[main] 2021-08-19 21:37:19 INFO  com.app.CustomerLogin  - 1. Mark Multiple Orders as Received
[main] 2021-08-19 21:37:19 INFO  com.app.CustomerLogin  - 2. Go back
[main] 2021-08-19 21:37:19 INFO  com.app.CustomerLogin  - Enter Choice
[main] 2021-08-19 21:37:24 INFO  com.app.CustomerLogin  - Going Back!!
[main] 2021-08-19 21:37:24 INFO  com.app.CustomerLogin  - 
1. View All Products
[main] 2021-08-19 21:37:24 INFO  com.app.CustomerLogin  - 2. View your Cart
[main] 2021-08-19 21:37:24 INFO  com.app.CustomerLogin  - 3. View your Orders
[main] 2021-08-19 21:37:24 INFO  com.app.CustomerLogin  - 4. Log out
[main] 2021-08-19 21:37:24 INFO  com.app.CustomerLogin  - Enter your choice
[main] 2021-08-19 21:37:27 INFO  com.app.CustomerLogin  - Your Cart
[main] 2021-08-19 21:37:27 WARN  com.app.CustomerLogin  - Cart Empty
[main] 2021-08-19 21:37:27 INFO  com.app.CustomerLogin  - 
1. View All Products
[main] 2021-08-19 21:37:27 INFO  com.app.CustomerLogin  - 2. View your Cart
[main] 2021-08-19 21:37:27 INFO  com.app.CustomerLogin  - 3. View your Orders
[main] 2021-08-19 21:37:27 INFO  com.app.CustomerLogin  - 4. Log out
[main] 2021-08-19 21:37:27 INFO  com.app.CustomerLogin  - Enter your choice
[main] 2021-08-19 21:37:30 INFO  com.app.CustomerLogin  - Going back to Main Menu
[main] 2021-08-19 21:37:32 INFO  com.app.CustomerLogin  - 
1. Register New Account
[main] 2021-08-19 21:37:32 INFO  com.app.CustomerLogin  - 2. Login
[main] 2021-08-19 21:37:32 INFO  com.app.CustomerLogin  - 3. Exit
[main] 2021-08-19 21:37:32 INFO  com.app.CustomerLogin  - Enter your choice
[main] 2021-08-19 21:37:35 INFO  com.app.CustomerLogin  - Exiting!!
[main] 2021-08-19 22:26:55 INFO  com.app.EmployeeLogin  - 1.Login
[main] 2021-08-19 22:26:55 INFO  com.app.EmployeeLogin  - 2.Exit
[main] 2021-08-19 22:27:00 INFO  com.app.EmployeeLogin  - 
Employee Login Successful
[main] 2021-08-19 22:27:00 INFO  com.app.EmployeeLogin  - 1. View Customers Details
[main] 2021-08-19 22:27:00 INFO  com.app.EmployeeLogin  - 2. Add a new Product
[main] 2021-08-19 22:27:00 INFO  com.app.EmployeeLogin  - 3. Mark Order as Shipped
[main] 2021-08-19 22:27:00 INFO  com.app.EmployeeLogin  - 4. Modify Quantity of Existing Products
[main] 2021-08-19 22:27:00 INFO  com.app.EmployeeLogin  - 5. Delete Existing Product
[main] 2021-08-19 22:27:00 INFO  com.app.EmployeeLogin  - 6. Logout
[main] 2021-08-19 22:27:02 INFO  com.app.EmployeeLogin  - Logging out
[main] 2021-08-20 00:09:31 INFO  com.app.EmployeeLogin  - 1.Login
[main] 2021-08-20 00:09:31 INFO  com.app.EmployeeLogin  - 2.Exit
[main] 2021-08-20 00:09:40 INFO  com.app.EmployeeLogin  - 1.Login
[main] 2021-08-20 00:09:40 INFO  com.app.EmployeeLogin  - 2.Exit
[main] 2021-08-20 00:09:45 INFO  com.app.EmployeeLogin  - 1.Login
[main] 2021-08-20 00:09:45 INFO  com.app.EmployeeLogin  - 2.Exit
